{"D:\\descargas\\archivos\\ahoea si\\backend\\src\\app.controller.ts": {"path":"D:\\descargas\\archivos\\ahoea si\\backend\\src\\app.controller.ts","statementMap":{"0":{"start":{"line":2,"column":0},"end":{"line":2,"column":49}},"1":{"start":{"line":3,"column":0},"end":{"line":3,"column":43}},"2":{"start":{"line":6,"column":7},"end":{"line":13,"column":null}},"3":{"start":{"line":7,"column":31},"end":{"line":7,"column":43}},"4":{"start":{"line":11,"column":4},"end":{"line":11,"column":38}},"5":{"start":{"line":6,"column":13},"end":{"line":6,"column":26}},"6":{"start":{"line":10,"column":2},"end":{"line":12,"column":null}},"7":{"start":{"line":6,"column":13},"end":{"line":13,"column":null}}},"fnMap":{"0":{"name":"(anonymous_2)","decl":{"start":{"line":7,"column":2},"end":{"line":7,"column":31}},"loc":{"start":{"line":7,"column":53},"end":{"line":7,"column":57}}},"1":{"name":"(anonymous_3)","decl":{"start":{"line":10,"column":2},"end":{"line":10,"column":10}},"loc":{"start":{"line":10,"column":10},"end":{"line":12,"column":3}}}},"branchMap":{},"s":{"0":1,"1":1,"2":1,"3":1,"4":1,"5":1,"6":1,"7":1},"f":{"0":1,"1":1},"b":{}}
,"D:\\descargas\\archivos\\ahoea si\\backend\\src\\app.module.ts": {"path":"D:\\descargas\\archivos\\ahoea si\\backend\\src\\app.module.ts","statementMap":{"0":{"start":{"line":2,"column":0},"end":{"line":2,"column":40}},"1":{"start":{"line":3,"column":0},"end":{"line":3,"column":48}},"2":{"start":{"line":4,"column":0},"end":{"line":4,"column":48}},"3":{"start":{"line":5,"column":0},"end":{"line":5,"column":51}},"4":{"start":{"line":6,"column":0},"end":{"line":6,"column":49}},"5":{"start":{"line":7,"column":0},"end":{"line":7,"column":43}},"6":{"start":{"line":8,"column":0},"end":{"line":8,"column":61}},"7":{"start":{"line":9,"column":0},"end":{"line":9,"column":48}},"8":{"start":{"line":10,"column":0},"end":{"line":10,"column":77}},"9":{"start":{"line":11,"column":0},"end":{"line":11,"column":43}},"10":{"start":{"line":12,"column":0},"end":{"line":12,"column":71}},"11":{"start":{"line":13,"column":0},"end":{"line":13,"column":42}},"12":{"start":{"line":14,"column":0},"end":{"line":14,"column":57}},"13":{"start":{"line":15,"column":0},"end":{"line":15,"column":28}},"14":{"start":{"line":16,"column":0},"end":{"line":16,"column":63}},"15":{"start":{"line":17,"column":0},"end":{"line":17,"column":57}},"16":{"start":{"line":18,"column":0},"end":{"line":18,"column":58}},"17":{"start":{"line":19,"column":0},"end":{"line":19,"column":74}},"18":{"start":{"line":20,"column":0},"end":{"line":20,"column":77}},"19":{"start":{"line":21,"column":0},"end":{"line":21,"column":75}},"20":{"start":{"line":22,"column":0},"end":{"line":22,"column":76}},"21":{"start":{"line":23,"column":0},"end":{"line":23,"column":51}},"22":{"start":{"line":24,"column":0},"end":{"line":24,"column":52}},"23":{"start":{"line":25,"column":0},"end":{"line":25,"column":57}},"24":{"start":{"line":26,"column":0},"end":{"line":26,"column":69}},"25":{"start":{"line":27,"column":0},"end":{"line":27,"column":72}},"26":{"start":{"line":28,"column":0},"end":{"line":28,"column":33}},"27":{"start":{"line":29,"column":1},"end":{"line":29,"column":32}},"28":{"start":{"line":68,"column":7},"end":{"line":68,"column":null}},"29":{"start":{"line":68,"column":13},"end":{"line":68,"column":22}},"30":{"start":{"line":68,"column":13},"end":{"line":68,"column":null}},"31":{"start":{"line":42,"column":59},"end":{"line":51,"column":8}}},"fnMap":{"0":{"name":"(anonymous_1)","decl":{"start":{"line":42,"column":18},"end":{"line":42,"column":23}},"loc":{"start":{"line":42,"column":59},"end":{"line":51,"column":8}}}},"branchMap":{},"s":{"0":0,"1":0,"2":0,"3":0,"4":0,"5":0,"6":0,"7":0,"8":0,"9":0,"10":0,"11":0,"12":0,"13":0,"14":0,"15":0,"16":0,"17":0,"18":0,"19":0,"20":0,"21":0,"22":0,"23":0,"24":0,"25":0,"26":0,"27":0,"28":0,"29":0,"30":0,"31":0},"f":{"0":0},"b":{}}
,"D:\\descargas\\archivos\\ahoea si\\backend\\src\\app.service.ts": {"path":"D:\\descargas\\archivos\\ahoea si\\backend\\src\\app.service.ts","statementMap":{"0":{"start":{"line":2,"column":0},"end":{"line":2,"column":44}},"1":{"start":{"line":5,"column":7},"end":{"line":9,"column":null}},"2":{"start":{"line":7,"column":4},"end":{"line":7,"column":26}},"3":{"start":{"line":5,"column":13},"end":{"line":5,"column":23}},"4":{"start":{"line":5,"column":13},"end":{"line":9,"column":null}}},"fnMap":{"0":{"name":"(anonymous_1)","decl":{"start":{"line":6,"column":2},"end":{"line":6,"column":10}},"loc":{"start":{"line":6,"column":10},"end":{"line":8,"column":3}}}},"branchMap":{},"s":{"0":1,"1":1,"2":1,"3":1,"4":1},"f":{"0":1},"b":{}}
,"D:\\descargas\\archivos\\ahoea si\\backend\\src\\main.ts": {"path":"D:\\descargas\\archivos\\ahoea si\\backend\\src\\main.ts","statementMap":{"0":{"start":{"line":2,"column":0},"end":{"line":2,"column":43}},"1":{"start":{"line":3,"column":0},"end":{"line":3,"column":41}},"2":{"start":{"line":5,"column":0},"end":{"line":5,"column":28}},"3":{"start":{"line":6,"column":0},"end":{"line":6,"column":48}},"4":{"start":{"line":7,"column":0},"end":{"line":7,"column":65}},"5":{"start":{"line":10,"column":14},"end":{"line":10,"column":73}},"6":{"start":{"line":13,"column":2},"end":{"line":13,"column":55}},"7":{"start":{"line":16,"column":2},"end":{"line":16,"column":29}},"8":{"start":{"line":19,"column":2},"end":{"line":23,"column":5}},"9":{"start":{"line":26,"column":2},"end":{"line":32,"column":4}},"10":{"start":{"line":35,"column":17},"end":{"line":89,"column":12}},"11":{"start":{"line":92,"column":19},"end":{"line":92,"column":60}},"12":{"start":{"line":95,"column":2},"end":{"line":95,"column":49}},"13":{"start":{"line":99,"column":2},"end":{"line":99,"column":45}},"14":{"start":{"line":103,"column":0},"end":{"line":103,"column":12}}},"fnMap":{"0":{"name":"bootstrap","decl":{"start":{"line":9,"column":15},"end":{"line":9,"column":24}},"loc":{"start":{"line":9,"column":24},"end":{"line":100,"column":1}}}},"branchMap":{"0":{"loc":{"start":{"line":99,"column":19},"end":{"line":99,"column":43}},"type":"binary-expr","locations":[{"start":{"line":99,"column":19},"end":{"line":99,"column":35}},{"start":{"line":99,"column":39},"end":{"line":99,"column":43}}]}},"s":{"0":0,"1":0,"2":0,"3":0,"4":0,"5":0,"6":0,"7":0,"8":0,"9":0,"10":0,"11":0,"12":0,"13":0,"14":0},"f":{"0":0},"b":{"0":[0,0]}}
,"D:\\descargas\\archivos\\ahoea si\\backend\\src\\auth\\auth.controller.ts": {"path":"D:\\descargas\\archivos\\ahoea si\\backend\\src\\auth\\auth.controller.ts","statementMap":{"0":{"start":{"line":4,"column":0},"end":{"line":4,"column":104}},"1":{"start":{"line":5,"column":0},"end":{"line":5,"column":45}},"2":{"start":{"line":6,"column":0},"end":{"line":6,"column":45}},"3":{"start":{"line":7,"column":0},"end":{"line":7,"column":54}},"4":{"start":{"line":8,"column":0},"end":{"line":8,"column":62}},"5":{"start":{"line":9,"column":0},"end":{"line":9,"column":55}},"6":{"start":{"line":11,"column":0},"end":{"line":11,"column":93}},"7":{"start":{"line":15,"column":7},"end":{"line":86,"column":null}},"8":{"start":{"line":16,"column":22},"end":{"line":16,"column":35}},"9":{"start":{"line":16,"column":65},"end":{"line":16,"column":79}},"10":{"start":{"line":40,"column":4},"end":{"line":40,"column":44}},"11":{"start":{"line":49,"column":4},"end":{"line":49,"column":52}},"12":{"start":{"line":64,"column":4},"end":{"line":64,"column":48}},"13":{"start":{"line":73,"column":4},"end":{"line":73,"column":102}},"14":{"start":{"line":74,"column":4},"end":{"line":74,"column":133}},"15":{"start":{"line":83,"column":4},"end":{"line":83,"column":101}},"16":{"start":{"line":84,"column":4},"end":{"line":84,"column":133}},"17":{"start":{"line":15,"column":13},"end":{"line":15,"column":27}},"18":{"start":{"line":39,"column":8},"end":{"line":41,"column":null}},"19":{"start":{"line":48,"column":8},"end":{"line":50,"column":null}},"20":{"start":{"line":63,"column":8},"end":{"line":65,"column":null}},"21":{"start":{"line":72,"column":8},"end":{"line":75,"column":null}},"22":{"start":{"line":82,"column":8},"end":{"line":85,"column":null}},"23":{"start":{"line":15,"column":13},"end":{"line":86,"column":null}}},"fnMap":{"0":{"name":"(anonymous_4)","decl":{"start":{"line":16,"column":2},"end":{"line":16,"column":22}},"loc":{"start":{"line":16,"column":91},"end":{"line":16,"column":96}}},"1":{"name":"(anonymous_5)","decl":{"start":{"line":39,"column":2},"end":{"line":39,"column":7}},"loc":{"start":{"line":39,"column":28},"end":{"line":41,"column":3}}},"2":{"name":"(anonymous_6)","decl":{"start":{"line":48,"column":2},"end":{"line":48,"column":7}},"loc":{"start":{"line":48,"column":73},"end":{"line":50,"column":3}}},"3":{"name":"(anonymous_7)","decl":{"start":{"line":63,"column":2},"end":{"line":63,"column":7}},"loc":{"start":{"line":63,"column":42},"end":{"line":65,"column":3}}},"4":{"name":"(anonymous_8)","decl":{"start":{"line":72,"column":2},"end":{"line":72,"column":7}},"loc":{"start":{"line":72,"column":67},"end":{"line":75,"column":3}}},"5":{"name":"(anonymous_9)","decl":{"start":{"line":82,"column":2},"end":{"line":82,"column":7}},"loc":{"start":{"line":82,"column":74},"end":{"line":85,"column":3}}}},"branchMap":{},"s":{"0":1,"1":1,"2":1,"3":1,"4":1,"5":1,"6":1,"7":1,"8":6,"9":6,"10":1,"11":1,"12":1,"13":1,"14":1,"15":1,"16":1,"17":1,"18":1,"19":1,"20":1,"21":1,"22":1,"23":1},"f":{"0":6,"1":1,"2":1,"3":1,"4":1,"5":1},"b":{}}
,"D:\\descargas\\archivos\\ahoea si\\backend\\src\\auth\\auth.module.ts": {"path":"D:\\descargas\\archivos\\ahoea si\\backend\\src\\auth\\auth.module.ts","statementMap":{"0":{"start":{"line":3,"column":0},"end":{"line":3,"column":40}},"1":{"start":{"line":4,"column":0},"end":{"line":4,"column":45}},"2":{"start":{"line":5,"column":0},"end":{"line":5,"column":51}},"3":{"start":{"line":6,"column":0},"end":{"line":6,"column":53}},"4":{"start":{"line":7,"column":0},"end":{"line":7,"column":50}},"5":{"start":{"line":8,"column":0},"end":{"line":8,"column":40}},"6":{"start":{"line":9,"column":0},"end":{"line":9,"column":45}},"7":{"start":{"line":10,"column":0},"end":{"line":10,"column":48}},"8":{"start":{"line":11,"column":0},"end":{"line":11,"column":45}},"9":{"start":{"line":12,"column":0},"end":{"line":12,"column":49}},"10":{"start":{"line":13,"column":0},"end":{"line":13,"column":61}},"11":{"start":{"line":14,"column":0},"end":{"line":14,"column":60}},"12":{"start":{"line":15,"column":0},"end":{"line":15,"column":44}},"13":{"start":{"line":16,"column":0},"end":{"line":16,"column":53}},"14":{"start":{"line":17,"column":0},"end":{"line":17,"column":55}},"15":{"start":{"line":38,"column":7},"end":{"line":38,"column":null}},"16":{"start":{"line":38,"column":13},"end":{"line":38,"column":23}},"17":{"start":{"line":38,"column":13},"end":{"line":38,"column":null}},"18":{"start":{"line":27,"column":59},"end":{"line":30,"column":8}}},"fnMap":{"0":{"name":"(anonymous_1)","decl":{"start":{"line":27,"column":18},"end":{"line":27,"column":23}},"loc":{"start":{"line":27,"column":59},"end":{"line":30,"column":8}}}},"branchMap":{},"s":{"0":0,"1":0,"2":0,"3":0,"4":0,"5":0,"6":0,"7":0,"8":0,"9":0,"10":0,"11":0,"12":0,"13":0,"14":0,"15":0,"16":0,"17":0,"18":0},"f":{"0":0},"b":{}}
,"D:\\descargas\\archivos\\ahoea si\\backend\\src\\auth\\auth.service.ts": {"path":"D:\\descargas\\archivos\\ahoea si\\backend\\src\\auth\\auth.service.ts","statementMap":{"0":{"start":{"line":6,"column":0},"end":{"line":6,"column":67}},"1":{"start":{"line":7,"column":0},"end":{"line":7,"column":41}},"2":{"start":{"line":8,"column":0},"end":{"line":8,"column":54}},"3":{"start":{"line":10,"column":0},"end":{"line":10,"column":33}},"4":{"start":{"line":12,"column":0},"end":{"line":12,"column":51}},"5":{"start":{"line":13,"column":0},"end":{"line":13,"column":45}},"6":{"start":{"line":14,"column":0},"end":{"line":14,"column":37}},"7":{"start":{"line":15,"column":0},"end":{"line":15,"column":60}},"8":{"start":{"line":16,"column":0},"end":{"line":16,"column":44}},"9":{"start":{"line":19,"column":0},"end":{"line":19,"column":41}},"10":{"start":{"line":20,"column":0},"end":{"line":20,"column":37}},"11":{"start":{"line":21,"column":0},"end":{"line":21,"column":55}},"12":{"start":{"line":24,"column":7},"end":{"line":174,"column":null}},"13":{"start":{"line":27,"column":79},"end":{"line":27,"column":81}},"14":{"start":{"line":30,"column":12},"end":{"line":30,"column":26}},"15":{"start":{"line":31,"column":12},"end":{"line":31,"column":24}},"16":{"start":{"line":33,"column":12},"end":{"line":33,"column":29}},"17":{"start":{"line":35,"column":12},"end":{"line":35,"column":31}},"18":{"start":{"line":37,"column":12},"end":{"line":37,"column":28}},"19":{"start":{"line":38,"column":21},"end":{"line":38,"column":35}},"20":{"start":{"line":41,"column":4},"end":{"line":51,"column":7}},"21":{"start":{"line":42,"column":6},"end":{"line":50,"column":9}},"22":{"start":{"line":56,"column":17},"end":{"line":56,"column":73}},"23":{"start":{"line":57,"column":4},"end":{"line":61,"column":5}},"24":{"start":{"line":59,"column":38},"end":{"line":59,"column":42}},"25":{"start":{"line":60,"column":6},"end":{"line":60,"column":20}},"26":{"start":{"line":62,"column":4},"end":{"line":62,"column":16}},"27":{"start":{"line":67,"column":20},"end":{"line":67,"column":66}},"28":{"start":{"line":70,"column":4},"end":{"line":70,"column":75}},"29":{"start":{"line":72,"column":4},"end":{"line":74,"column":6}},"30":{"start":{"line":79,"column":38},"end":{"line":79,"column":51}},"31":{"start":{"line":80,"column":27},"end":{"line":80,"column":58}},"32":{"start":{"line":82,"column":20},"end":{"line":86,"column":6}},"33":{"start":{"line":88,"column":22},"end":{"line":88,"column":62}},"34":{"start":{"line":91,"column":27},"end":{"line":91,"column":85}},"35":{"start":{"line":92,"column":22},"end":{"line":97,"column":6}},"36":{"start":{"line":98,"column":4},"end":{"line":98,"column":49}},"37":{"start":{"line":101,"column":27},"end":{"line":101,"column":37}},"38":{"start":{"line":102,"column":4},"end":{"line":102,"column":65}},"39":{"start":{"line":104,"column":20},"end":{"line":109,"column":6}},"40":{"start":{"line":110,"column":4},"end":{"line":110,"column":44}},"41":{"start":{"line":114,"column":39},"end":{"line":114,"column":48}},"42":{"start":{"line":115,"column":4},"end":{"line":115,"column":18}},"43":{"start":{"line":119,"column":17},"end":{"line":119,"column":71}},"44":{"start":{"line":120,"column":4},"end":{"line":120,"column":30}},"45":{"start":{"line":124,"column":22},"end":{"line":124,"column":39}},"46":{"start":{"line":125,"column":17},"end":{"line":125,"column":73}},"47":{"start":{"line":126,"column":4},"end":{"line":136,"column":5}},"48":{"start":{"line":128,"column":20},"end":{"line":128,"column":51}},"49":{"start":{"line":130,"column":6},"end":{"line":133,"column":8}},"50":{"start":{"line":135,"column":6},"end":{"line":135,"column":49}},"51":{"start":{"line":138,"column":4},"end":{"line":138,"column":115}},"52":{"start":{"line":142,"column":35},"end":{"line":142,"column":51}},"53":{"start":{"line":143,"column":22},"end":{"line":143,"column":48}},"54":{"start":{"line":144,"column":4},"end":{"line":146,"column":5}},"55":{"start":{"line":145,"column":6},"end":{"line":145,"column":55}},"56":{"start":{"line":147,"column":17},"end":{"line":147,"column":90}},"57":{"start":{"line":148,"column":4},"end":{"line":150,"column":5}},"58":{"start":{"line":149,"column":6},"end":{"line":149,"column":51}},"59":{"start":{"line":152,"column":27},"end":{"line":152,"column":61}},"60":{"start":{"line":153,"column":4},"end":{"line":153,"column":35}},"61":{"start":{"line":154,"column":4},"end":{"line":154,"column":42}},"62":{"start":{"line":156,"column":4},"end":{"line":156,"column":38}},"63":{"start":{"line":157,"column":4},"end":{"line":157,"column":65}},"64":{"start":{"line":161,"column":17},"end":{"line":167,"column":6}},"65":{"start":{"line":169,"column":4},"end":{"line":169,"column":71}},"66":{"start":{"line":24,"column":13},"end":{"line":24,"column":24}},"67":{"start":{"line":24,"column":13},"end":{"line":174,"column":null}}},"fnMap":{"0":{"name":"(anonymous_4)","decl":{"start":{"line":29,"column":2},"end":{"line":29,"column":null}},"loc":{"start":{"line":38,"column":47},"end":{"line":52,"column":3}}},"1":{"name":"(anonymous_5)","decl":{"start":{"line":41,"column":40},"end":{"line":41,"column":41}},"loc":{"start":{"line":41,"column":56},"end":{"line":51,"column":5}}},"2":{"name":"(anonymous_6)","decl":{"start":{"line":55,"column":2},"end":{"line":55,"column":7}},"loc":{"start":{"line":55,"column":48},"end":{"line":63,"column":3}}},"3":{"name":"(anonymous_7)","decl":{"start":{"line":66,"column":2},"end":{"line":66,"column":7}},"loc":{"start":{"line":66,"column":23},"end":{"line":75,"column":3}}},"4":{"name":"(anonymous_8)","decl":{"start":{"line":78,"column":2},"end":{"line":78,"column":7}},"loc":{"start":{"line":78,"column":45},"end":{"line":116,"column":3}}},"5":{"name":"(anonymous_9)","decl":{"start":{"line":118,"column":2},"end":{"line":118,"column":7}},"loc":{"start":{"line":118,"column":34},"end":{"line":121,"column":3}}},"6":{"name":"(anonymous_10)","decl":{"start":{"line":123,"column":2},"end":{"line":123,"column":7}},"loc":{"start":{"line":123,"column":59},"end":{"line":139,"column":3}}},"7":{"name":"(anonymous_11)","decl":{"start":{"line":141,"column":2},"end":{"line":141,"column":7}},"loc":{"start":{"line":141,"column":56},"end":{"line":158,"column":3}}},"8":{"name":"(anonymous_12)","decl":{"start":{"line":160,"column":10},"end":{"line":160,"column":15}},"loc":{"start":{"line":160,"column":59},"end":{"line":170,"column":3}}}},"branchMap":{"0":{"loc":{"start":{"line":57,"column":4},"end":{"line":61,"column":5}},"type":"if","locations":[{"start":{"line":57,"column":4},"end":{"line":61,"column":5}}]},"1":{"loc":{"start":{"line":57,"column":8},"end":{"line":57,"column":59}},"type":"binary-expr","locations":[{"start":{"line":57,"column":8},"end":{"line":57,"column":12}},{"start":{"line":57,"column":17},"end":{"line":57,"column":58}}]},"2":{"loc":{"start":{"line":126,"column":4},"end":{"line":136,"column":5}},"type":"if","locations":[{"start":{"line":126,"column":4},"end":{"line":136,"column":5}}]},"3":{"loc":{"start":{"line":144,"column":4},"end":{"line":146,"column":5}},"type":"if","locations":[{"start":{"line":144,"column":4},"end":{"line":146,"column":5}}]},"4":{"loc":{"start":{"line":144,"column":8},"end":{"line":144,"column":52}},"type":"binary-expr","locations":[{"start":{"line":144,"column":8},"end":{"line":144,"column":18}},{"start":{"line":144,"column":22},"end":{"line":144,"column":52}}]},"5":{"loc":{"start":{"line":148,"column":4},"end":{"line":150,"column":5}},"type":"if","locations":[{"start":{"line":148,"column":4},"end":{"line":150,"column":5}}]}},"s":{"0":3,"1":3,"2":3,"3":3,"4":3,"5":3,"6":3,"7":3,"8":3,"9":3,"10":3,"11":3,"12":3,"13":4,"14":4,"15":4,"16":4,"17":4,"18":4,"19":4,"20":4,"21":0,"22":2,"23":2,"24":1,"25":1,"26":1,"27":1,"28":1,"29":1,"30":0,"31":0,"32":0,"33":0,"34":0,"35":0,"36":0,"37":0,"38":0,"39":0,"40":0,"41":0,"42":0,"43":0,"44":0,"45":0,"46":0,"47":0,"48":0,"49":0,"50":0,"51":0,"52":0,"53":0,"54":0,"55":0,"56":0,"57":0,"58":0,"59":0,"60":0,"61":0,"62":0,"63":0,"64":0,"65":0,"66":3,"67":3},"f":{"0":4,"1":0,"2":2,"3":1,"4":0,"5":0,"6":0,"7":0,"8":0},"b":{"0":[1],"1":[2,2],"2":[0],"3":[0],"4":[0,0],"5":[0]}}
,"D:\\descargas\\archivos\\ahoea si\\backend\\src\\auth\\jwt-auth.guard.ts": {"path":"D:\\descargas\\archivos\\ahoea si\\backend\\src\\auth\\jwt-auth.guard.ts","statementMap":{"0":{"start":{"line":1,"column":0},"end":{"line":1,"column":44}},"1":{"start":{"line":2,"column":0},"end":{"line":2,"column":45}},"2":{"start":{"line":5,"column":7},"end":{"line":5,"column":null}},"3":{"start":{"line":5,"column":13},"end":{"line":5,"column":25}},"4":{"start":{"line":5,"column":13},"end":{"line":5,"column":null}}},"fnMap":{},"branchMap":{},"s":{"0":8,"1":8,"2":8,"3":8,"4":8},"f":{},"b":{}}
,"D:\\descargas\\archivos\\ahoea si\\backend\\src\\auth\\jwt.strategy.ts": {"path":"D:\\descargas\\archivos\\ahoea si\\backend\\src\\auth\\jwt.strategy.ts","statementMap":{"0":{"start":{"line":3,"column":0},"end":{"line":3,"column":44}},"1":{"start":{"line":4,"column":0},"end":{"line":4,"column":52}},"2":{"start":{"line":5,"column":0},"end":{"line":5,"column":52}},"3":{"start":{"line":6,"column":0},"end":{"line":6,"column":47}},"4":{"start":{"line":10,"column":7},"end":{"line":23,"column":null}},"5":{"start":{"line":12,"column":4},"end":{"line":16,"column":7}},"6":{"start":{"line":11,"column":22},"end":{"line":11,"column":37}},"7":{"start":{"line":21,"column":4},"end":{"line":21,"column":60}},"8":{"start":{"line":10,"column":13},"end":{"line":10,"column":24}},"9":{"start":{"line":10,"column":13},"end":{"line":23,"column":null}}},"fnMap":{"0":{"name":"(anonymous_2)","decl":{"start":{"line":11,"column":2},"end":{"line":11,"column":22}},"loc":{"start":{"line":11,"column":50},"end":{"line":17,"column":3}}},"1":{"name":"(anonymous_3)","decl":{"start":{"line":19,"column":2},"end":{"line":19,"column":7}},"loc":{"start":{"line":19,"column":36},"end":{"line":22,"column":3}}}},"branchMap":{"0":{"loc":{"start":{"line":15,"column":19},"end":{"line":15,"column":77}},"type":"binary-expr","locations":[{"start":{"line":15,"column":19},"end":{"line":15,"column":58}},{"start":{"line":15,"column":62},"end":{"line":15,"column":77}}]}},"s":{"0":0,"1":0,"2":0,"3":0,"4":0,"5":0,"6":0,"7":0,"8":0,"9":0},"f":{"0":0,"1":0},"b":{"0":[0,0]}}
,"D:\\descargas\\archivos\\ahoea si\\backend\\src\\auth\\local.strategy.ts": {"path":"D:\\descargas\\archivos\\ahoea si\\backend\\src\\auth\\local.strategy.ts","statementMap":{"0":{"start":{"line":1,"column":0},"end":{"line":1,"column":42}},"1":{"start":{"line":2,"column":0},"end":{"line":2,"column":52}},"2":{"start":{"line":3,"column":0},"end":{"line":3,"column":67}},"3":{"start":{"line":4,"column":0},"end":{"line":4,"column":45}},"4":{"start":{"line":7,"column":7},"end":{"line":19,"column":null}},"5":{"start":{"line":9,"column":4},"end":{"line":9,"column":38}},"6":{"start":{"line":8,"column":22},"end":{"line":8,"column":35}},"7":{"start":{"line":13,"column":17},"end":{"line":13,"column":69}},"8":{"start":{"line":14,"column":4},"end":{"line":16,"column":5}},"9":{"start":{"line":15,"column":6},"end":{"line":15,"column":66}},"10":{"start":{"line":17,"column":4},"end":{"line":17,"column":16}},"11":{"start":{"line":7,"column":13},"end":{"line":7,"column":26}},"12":{"start":{"line":7,"column":13},"end":{"line":19,"column":null}}},"fnMap":{"0":{"name":"(anonymous_2)","decl":{"start":{"line":8,"column":2},"end":{"line":8,"column":22}},"loc":{"start":{"line":8,"column":46},"end":{"line":10,"column":3}}},"1":{"name":"(anonymous_3)","decl":{"start":{"line":12,"column":2},"end":{"line":12,"column":7}},"loc":{"start":{"line":12,"column":48},"end":{"line":18,"column":3}}}},"branchMap":{"0":{"loc":{"start":{"line":14,"column":4},"end":{"line":16,"column":5}},"type":"if","locations":[{"start":{"line":14,"column":4},"end":{"line":16,"column":5}}]}},"s":{"0":1,"1":1,"2":1,"3":1,"4":1,"5":3,"6":3,"7":2,"8":2,"9":1,"10":1,"11":1,"12":1},"f":{"0":3,"1":2},"b":{"0":[1]}}
,"D:\\descargas\\archivos\\ahoea si\\backend\\src\\auth\\dto\\create-user.dto.ts": {"path":"D:\\descargas\\archivos\\ahoea si\\backend\\src\\auth\\dto\\create-user.dto.ts","statementMap":{"0":{"start":{"line":2,"column":0},"end":{"line":2,"column":null}},"1":{"start":{"line":11,"column":0},"end":{"line":11,"column":46}},"2":{"start":{"line":13,"column":0},"end":{"line":13,"column":13}},"3":{"start":{"line":24,"column":2},"end":{"line":24,"column":null}},"4":{"start":{"line":36,"column":2},"end":{"line":36,"column":null}},"5":{"start":{"line":44,"column":2},"end":{"line":44,"column":null}},"6":{"start":{"line":55,"column":2},"end":{"line":55,"column":null}},"7":{"start":{"line":63,"column":2},"end":{"line":63,"column":null}},"8":{"start":{"line":71,"column":2},"end":{"line":71,"column":null}},"9":{"start":{"line":79,"column":2},"end":{"line":79,"column":null}},"10":{"start":{"line":90,"column":2},"end":{"line":90,"column":null}}},"fnMap":{},"branchMap":{},"s":{"0":1,"1":1,"2":1,"3":1,"4":1,"5":1,"6":1,"7":1,"8":1,"9":1,"10":1},"f":{},"b":{}}
,"D:\\descargas\\archivos\\ahoea si\\backend\\src\\auth\\dto\\forgot-password.dto.ts": {"path":"D:\\descargas\\archivos\\ahoea si\\backend\\src\\auth\\dto\\forgot-password.dto.ts","statementMap":{"0":{"start":{"line":2,"column":0},"end":{"line":2,"column":87}},"1":{"start":{"line":3,"column":0},"end":{"line":3,"column":46}},"2":{"start":{"line":5,"column":0},"end":{"line":5,"column":13}},"3":{"start":{"line":13,"column":2},"end":{"line":13,"column":null}},"4":{"start":{"line":26,"column":2},"end":{"line":26,"column":null}}},"fnMap":{},"branchMap":{},"s":{"0":1,"1":1,"2":1,"3":1,"4":1},"f":{},"b":{}}
,"D:\\descargas\\archivos\\ahoea si\\backend\\src\\auth\\dto\\reset-password.dto.ts": {"path":"D:\\descargas\\archivos\\ahoea si\\backend\\src\\auth\\dto\\reset-password.dto.ts","statementMap":{"0":{"start":{"line":1,"column":0},"end":{"line":1,"column":13}}},"fnMap":{},"branchMap":{},"s":{"0":0},"f":{},"b":{}}
,"D:\\descargas\\archivos\\ahoea si\\backend\\src\\auth\\dto\\verification.email.dto.ts": {"path":"D:\\descargas\\archivos\\ahoea si\\backend\\src\\auth\\dto\\verification.email.dto.ts","statementMap":{"0":{"start":{"line":3,"column":0},"end":{"line":3,"column":54}},"1":{"start":{"line":5,"column":0},"end":{"line":5,"column":13}},"2":{"start":{"line":9,"column":4},"end":{"line":9,"column":null}}},"fnMap":{},"branchMap":{},"s":{"0":0,"1":0,"2":0},"f":{},"b":{}}
,"D:\\descargas\\archivos\\ahoea si\\backend\\src\\card\\card.controller.ts": {"path":"D:\\descargas\\archivos\\ahoea si\\backend\\src\\card\\card.controller.ts","statementMap":{"0":{"start":{"line":2,"column":0},"end":{"line":2,"column":93}},"1":{"start":{"line":3,"column":0},"end":{"line":3,"column":45}},"2":{"start":{"line":4,"column":0},"end":{"line":4,"column":54}},"3":{"start":{"line":6,"column":0},"end":{"line":6,"column":94}},"4":{"start":{"line":10,"column":7},"end":{"line":48,"column":null}},"5":{"start":{"line":11,"column":31},"end":{"line":11,"column":44}},"6":{"start":{"line":46,"column":4},"end":{"line":46,"column":54}},"7":{"start":{"line":10,"column":13},"end":{"line":10,"column":27}},"8":{"start":{"line":40,"column":2},"end":{"line":47,"column":null}},"9":{"start":{"line":10,"column":13},"end":{"line":48,"column":null}}},"fnMap":{"0":{"name":"(anonymous_4)","decl":{"start":{"line":11,"column":2},"end":{"line":11,"column":31}},"loc":{"start":{"line":11,"column":55},"end":{"line":11,"column":60}}},"1":{"name":"(anonymous_5)","decl":{"start":{"line":40,"column":2},"end":{"line":40,"column":19}},"loc":{"start":{"line":42,"column":18},"end":{"line":47,"column":3}}}},"branchMap":{},"s":{"0":1,"1":1,"2":1,"3":1,"4":1,"5":2,"6":1,"7":1,"8":1,"9":1},"f":{"0":2,"1":1},"b":{}}
,"D:\\descargas\\archivos\\ahoea si\\backend\\src\\card\\card.entity.ts": {"path":"D:\\descargas\\archivos\\ahoea si\\backend\\src\\card\\card.entity.ts","statementMap":{"0":{"start":{"line":2,"column":0},"end":{"line":2,"column":88}},"1":{"start":{"line":4,"column":0},"end":{"line":4,"column":59}},"2":{"start":{"line":5,"column":0},"end":{"line":5,"column":46}},"3":{"start":{"line":8,"column":7},"end":{"line":59,"column":null}},"4":{"start":{"line":8,"column":13},"end":{"line":8,"column":17}},"5":{"start":{"line":15,"column":2},"end":{"line":15,"column":null}},"6":{"start":{"line":24,"column":2},"end":{"line":24,"column":null}},"7":{"start":{"line":33,"column":2},"end":{"line":33,"column":null}},"8":{"start":{"line":41,"column":2},"end":{"line":41,"column":null}},"9":{"start":{"line":49,"column":2},"end":{"line":49,"column":null}},"10":{"start":{"line":58,"column":2},"end":{"line":58,"column":null}},"11":{"start":{"line":54,"column":16},"end":{"line":54,"column":22}},"12":{"start":{"line":56,"column":19},"end":{"line":56,"column":25}},"13":{"start":{"line":56,"column":37},"end":{"line":56,"column":49}},"14":{"start":{"line":8,"column":13},"end":{"line":59,"column":null}}},"fnMap":{"0":{"name":"(anonymous_2)","decl":{"start":{"line":54,"column":10},"end":{"line":54,"column":13}},"loc":{"start":{"line":54,"column":16},"end":{"line":54,"column":22}}},"1":{"name":"(anonymous_3)","decl":{"start":{"line":56,"column":13},"end":{"line":56,"column":16}},"loc":{"start":{"line":56,"column":19},"end":{"line":56,"column":25}}},"2":{"name":"(anonymous_4)","decl":{"start":{"line":56,"column":27},"end":{"line":56,"column":33}},"loc":{"start":{"line":56,"column":37},"end":{"line":56,"column":49}}}},"branchMap":{},"s":{"0":20,"1":20,"2":20,"3":20,"4":20,"5":20,"6":20,"7":20,"8":20,"9":20,"10":20,"11":0,"12":0,"13":0,"14":20},"f":{"0":0,"1":0,"2":0},"b":{}}
,"D:\\descargas\\archivos\\ahoea si\\backend\\src\\card\\card.module.ts": {"path":"D:\\descargas\\archivos\\ahoea si\\backend\\src\\card\\card.module.ts","statementMap":{"0":{"start":{"line":1,"column":0},"end":{"line":1,"column":52}},"1":{"start":{"line":2,"column":0},"end":{"line":2,"column":48}},"2":{"start":{"line":3,"column":0},"end":{"line":3,"column":37}},"3":{"start":{"line":4,"column":0},"end":{"line":4,"column":45}},"4":{"start":{"line":5,"column":0},"end":{"line":5,"column":51}},"5":{"start":{"line":6,"column":0},"end":{"line":6,"column":50}},"6":{"start":{"line":17,"column":7},"end":{"line":17,"column":null}},"7":{"start":{"line":17,"column":13},"end":{"line":17,"column":23}},"8":{"start":{"line":17,"column":13},"end":{"line":17,"column":null}},"9":{"start":{"line":11,"column":21},"end":{"line":11,"column":31}}},"fnMap":{"0":{"name":"(anonymous_1)","decl":{"start":{"line":11,"column":15},"end":{"line":11,"column":18}},"loc":{"start":{"line":11,"column":21},"end":{"line":11,"column":31}}}},"branchMap":{},"s":{"0":0,"1":0,"2":0,"3":0,"4":0,"5":0,"6":0,"7":0,"8":0,"9":0},"f":{"0":0},"b":{}}
,"D:\\descargas\\archivos\\ahoea si\\backend\\src\\card\\card.service.ts": {"path":"D:\\descargas\\archivos\\ahoea si\\backend\\src\\card\\card.service.ts","statementMap":{"0":{"start":{"line":1,"column":0},"end":{"line":1,"column":83}},"1":{"start":{"line":2,"column":0},"end":{"line":2,"column":51}},"2":{"start":{"line":3,"column":0},"end":{"line":3,"column":37}},"3":{"start":{"line":4,"column":0},"end":{"line":4,"column":37}},"4":{"start":{"line":7,"column":7},"end":{"line":32,"column":null}},"5":{"start":{"line":10,"column":12},"end":{"line":10,"column":28}},"6":{"start":{"line":14,"column":17},"end":{"line":17,"column":6}},"7":{"start":{"line":19,"column":4},"end":{"line":21,"column":5}},"8":{"start":{"line":20,"column":6},"end":{"line":20,"column":60}},"9":{"start":{"line":25,"column":4},"end":{"line":27,"column":5}},"10":{"start":{"line":26,"column":6},"end":{"line":26,"column":85}},"11":{"start":{"line":29,"column":4},"end":{"line":29,"column":39}},"12":{"start":{"line":30,"column":4},"end":{"line":30,"column":42}},"13":{"start":{"line":7,"column":13},"end":{"line":7,"column":24}},"14":{"start":{"line":7,"column":13},"end":{"line":32,"column":null}}},"fnMap":{"0":{"name":"(anonymous_4)","decl":{"start":{"line":8,"column":2},"end":{"line":8,"column":null}},"loc":{"start":{"line":10,"column":44},"end":{"line":11,"column":6}}},"1":{"name":"(anonymous_5)","decl":{"start":{"line":13,"column":2},"end":{"line":13,"column":7}},"loc":{"start":{"line":13,"column":57},"end":{"line":31,"column":3}}}},"branchMap":{"0":{"loc":{"start":{"line":19,"column":4},"end":{"line":21,"column":5}},"type":"if","locations":[{"start":{"line":19,"column":4},"end":{"line":21,"column":5}}]},"1":{"loc":{"start":{"line":25,"column":4},"end":{"line":27,"column":5}},"type":"if","locations":[{"start":{"line":25,"column":4},"end":{"line":27,"column":5}}]}},"s":{"0":2,"1":2,"2":2,"3":2,"4":2,"5":4,"6":3,"7":3,"8":1,"9":2,"10":1,"11":1,"12":1,"13":2,"14":2},"f":{"0":4,"1":3},"b":{"0":[1],"1":[1]}}
,"D:\\descargas\\archivos\\ahoea si\\backend\\src\\card\\dto\\createcard.dto.ts": {"path":"D:\\descargas\\archivos\\ahoea si\\backend\\src\\card\\dto\\createcard.dto.ts","statementMap":{"0":{"start":{"line":2,"column":0},"end":{"line":2,"column":60}},"1":{"start":{"line":3,"column":0},"end":{"line":3,"column":46}},"2":{"start":{"line":5,"column":0},"end":{"line":5,"column":13}},"3":{"start":{"line":14,"column":2},"end":{"line":14,"column":null}},"4":{"start":{"line":24,"column":2},"end":{"line":24,"column":null}},"5":{"start":{"line":35,"column":2},"end":{"line":35,"column":null}}},"fnMap":{},"branchMap":{},"s":{"0":0,"1":0,"2":0,"3":0,"4":0,"5":0},"f":{},"b":{}}
,"D:\\descargas\\archivos\\ahoea si\\backend\\src\\chatbot\\chatbot.controller.ts": {"path":"D:\\descargas\\archivos\\ahoea si\\backend\\src\\chatbot\\chatbot.controller.ts","statementMap":{"0":{"start":{"line":4,"column":0},"end":{"line":4,"column":84}},"1":{"start":{"line":5,"column":0},"end":{"line":5,"column":51}},"2":{"start":{"line":6,"column":0},"end":{"line":6,"column":56}},"3":{"start":{"line":7,"column":0},"end":{"line":7,"column":55}},"4":{"start":{"line":8,"column":0},"end":{"line":8,"column":73}},"5":{"start":{"line":10,"column":0},"end":{"line":10,"column":93}},"6":{"start":{"line":14,"column":7},"end":{"line":79,"column":null}},"7":{"start":{"line":16,"column":21},"end":{"line":16,"column":41}},"8":{"start":{"line":17,"column":21},"end":{"line":17,"column":37}},"9":{"start":{"line":38,"column":19},"end":{"line":38,"column":31}},"10":{"start":{"line":39,"column":20},"end":{"line":39,"column":78}},"11":{"start":{"line":40,"column":24},"end":{"line":40,"column":90}},"12":{"start":{"line":43,"column":31},"end":{"line":43,"column":76}},"13":{"start":{"line":44,"column":30},"end":{"line":44,"column":66}},"14":{"start":{"line":47,"column":19},"end":{"line":72,"column":2}},"15":{"start":{"line":75,"column":22},"end":{"line":75,"column":69}},"16":{"start":{"line":77,"column":4},"end":{"line":77,"column":25}},"17":{"start":{"line":14,"column":13},"end":{"line":14,"column":30}},"18":{"start":{"line":37,"column":8},"end":{"line":78,"column":null}},"19":{"start":{"line":14,"column":13},"end":{"line":79,"column":null}}},"fnMap":{"0":{"name":"(anonymous_4)","decl":{"start":{"line":15,"column":2},"end":{"line":15,"column":null}},"loc":{"start":{"line":17,"column":51},"end":{"line":18,"column":7}}},"1":{"name":"(anonymous_5)","decl":{"start":{"line":37,"column":2},"end":{"line":37,"column":7}},"loc":{"start":{"line":37,"column":58},"end":{"line":78,"column":3}}}},"branchMap":{},"s":{"0":1,"1":1,"2":1,"3":1,"4":1,"5":1,"6":1,"7":2,"8":2,"9":1,"10":1,"11":1,"12":1,"13":1,"14":1,"15":1,"16":1,"17":1,"18":1,"19":1},"f":{"0":2,"1":1},"b":{}}
,"D:\\descargas\\archivos\\ahoea si\\backend\\src\\chatbot\\chatbot.module.ts": {"path":"D:\\descargas\\archivos\\ahoea si\\backend\\src\\chatbot\\chatbot.module.ts","statementMap":{"0":{"start":{"line":3,"column":0},"end":{"line":3,"column":40}},"1":{"start":{"line":4,"column":0},"end":{"line":4,"column":51}},"2":{"start":{"line":5,"column":0},"end":{"line":5,"column":57}},"3":{"start":{"line":6,"column":0},"end":{"line":6,"column":48}},"4":{"start":{"line":7,"column":0},"end":{"line":7,"column":54}},"5":{"start":{"line":8,"column":0},"end":{"line":8,"column":45}},"6":{"start":{"line":9,"column":0},"end":{"line":9,"column":60}},"7":{"start":{"line":10,"column":0},"end":{"line":10,"column":71}},"8":{"start":{"line":18,"column":7},"end":{"line":18,"column":null}},"9":{"start":{"line":18,"column":13},"end":{"line":18,"column":26}},"10":{"start":{"line":18,"column":13},"end":{"line":18,"column":null}}},"fnMap":{},"branchMap":{},"s":{"0":0,"1":0,"2":0,"3":0,"4":0,"5":0,"6":0,"7":0,"8":0,"9":0,"10":0},"f":{},"b":{}}
,"D:\\descargas\\archivos\\ahoea si\\backend\\src\\chatbot\\chatbot.service.ts": {"path":"D:\\descargas\\archivos\\ahoea si\\backend\\src\\chatbot\\chatbot.service.ts","statementMap":{"0":{"start":{"line":8,"column":0},"end":{"line":8,"column":74}},"1":{"start":{"line":9,"column":0},"end":{"line":9,"column":51}},"2":{"start":{"line":10,"column":0},"end":{"line":10,"column":26}},"3":{"start":{"line":11,"column":0},"end":{"line":11,"column":54}},"4":{"start":{"line":12,"column":0},"end":{"line":12,"column":37}},"5":{"start":{"line":13,"column":0},"end":{"line":13,"column":45}},"6":{"start":{"line":14,"column":0},"end":{"line":14,"column":60}},"7":{"start":{"line":17,"column":7},"end":{"line":103,"column":null}},"8":{"start":{"line":21,"column":21},"end":{"line":21,"column":31}},"9":{"start":{"line":23,"column":21},"end":{"line":23,"column":31}},"10":{"start":{"line":25,"column":21},"end":{"line":25,"column":34}},"11":{"start":{"line":27,"column":29},"end":{"line":27,"column":70}},"12":{"start":{"line":28,"column":27},"end":{"line":28,"column":50}},"13":{"start":{"line":29,"column":29},"end":{"line":29,"column":136}},"14":{"start":{"line":32,"column":4},"end":{"line":50,"column":5}},"15":{"start":{"line":33,"column":23},"end":{"line":42,"column":null}},"16":{"start":{"line":45,"column":21},"end":{"line":45,"column":77}},"17":{"start":{"line":46,"column":6},"end":{"line":46,"column":51}},"18":{"start":{"line":48,"column":6},"end":{"line":48,"column":84}},"19":{"start":{"line":49,"column":6},"end":{"line":49,"column":80}},"20":{"start":{"line":54,"column":18},"end":{"line":56,"column":6}},"21":{"start":{"line":57,"column":4},"end":{"line":57,"column":58}},"22":{"start":{"line":57,"column":23},"end":{"line":57,"column":58}},"23":{"start":{"line":59,"column":18},"end":{"line":68,"column":17}},"24":{"start":{"line":60,"column":25},"end":{"line":66,"column":8}},"25":{"start":{"line":67,"column":6},"end":{"line":67,"column":114}},"26":{"start":{"line":70,"column":4},"end":{"line":70,"column":55}},"27":{"start":{"line":75,"column":4},"end":{"line":79,"column":7}},"28":{"start":{"line":83,"column":4},"end":{"line":91,"column":7}},"29":{"start":{"line":84,"column":61},"end":{"line":84,"column":67}},"30":{"start":{"line":85,"column":87},"end":{"line":85,"column":94}},"31":{"start":{"line":87,"column":6},"end":{"line":90,"column":8}},"32":{"start":{"line":95,"column":4},"end":{"line":100,"column":18}},"33":{"start":{"line":96,"column":61},"end":{"line":96,"column":67}},"34":{"start":{"line":97,"column":87},"end":{"line":97,"column":100}},"35":{"start":{"line":99,"column":6},"end":{"line":99,"column":211}},"36":{"start":{"line":17,"column":13},"end":{"line":17,"column":27}},"37":{"start":{"line":17,"column":13},"end":{"line":103,"column":null}}},"fnMap":{"0":{"name":"(anonymous_4)","decl":{"start":{"line":19,"column":2},"end":{"line":19,"column":null}},"loc":{"start":{"line":25,"column":52},"end":{"line":26,"column":7}}},"1":{"name":"(anonymous_5)","decl":{"start":{"line":31,"column":2},"end":{"line":31,"column":7}},"loc":{"start":{"line":31,"column":36},"end":{"line":51,"column":3}}},"2":{"name":"(anonymous_6)","decl":{"start":{"line":53,"column":2},"end":{"line":53,"column":7}},"loc":{"start":{"line":53,"column":31},"end":{"line":71,"column":3}}},"3":{"name":"(anonymous_7)","decl":{"start":{"line":59,"column":28},"end":{"line":59,"column":29}},"loc":{"start":{"line":59,"column":32},"end":{"line":68,"column":5}}},"4":{"name":"(anonymous_8)","decl":{"start":{"line":74,"column":2},"end":{"line":74,"column":7}},"loc":{"start":{"line":74,"column":51},"end":{"line":80,"column":3}}},"5":{"name":"(anonymous_9)","decl":{"start":{"line":82,"column":9},"end":{"line":82,"column":23}},"loc":{"start":{"line":82,"column":38},"end":{"line":92,"column":3}}},"6":{"name":"(anonymous_10)","decl":{"start":{"line":83,"column":23},"end":{"line":83,"column":29}},"loc":{"start":{"line":83,"column":32},"end":{"line":91,"column":5}}},"7":{"name":"(anonymous_11)","decl":{"start":{"line":94,"column":9},"end":{"line":94,"column":25}},"loc":{"start":{"line":94,"column":40},"end":{"line":101,"column":3}}},"8":{"name":"(anonymous_12)","decl":{"start":{"line":95,"column":23},"end":{"line":95,"column":29}},"loc":{"start":{"line":95,"column":32},"end":{"line":100,"column":5}}}},"branchMap":{"0":{"loc":{"start":{"line":46,"column":13},"end":{"line":46,"column":50}},"type":"binary-expr","locations":[{"start":{"line":46,"column":13},"end":{"line":46,"column":19}},{"start":{"line":46,"column":23},"end":{"line":46,"column":50}}]},"1":{"loc":{"start":{"line":48,"column":45},"end":{"line":48,"column":82}},"type":"binary-expr","locations":[{"start":{"line":48,"column":45},"end":{"line":48,"column":65}},{"start":{"line":48,"column":69},"end":{"line":48,"column":82}}]},"2":{"loc":{"start":{"line":57,"column":4},"end":{"line":57,"column":58}},"type":"if","locations":[{"start":{"line":57,"column":4},"end":{"line":57,"column":58}}]},"3":{"loc":{"start":{"line":97,"column":87},"end":{"line":97,"column":100}},"type":"binary-expr","locations":[{"start":{"line":97,"column":87},"end":{"line":97,"column":94}},{"start":{"line":97,"column":98},"end":{"line":97,"column":100}}]}},"s":{"0":2,"1":2,"2":2,"3":2,"4":2,"5":2,"6":2,"7":2,"8":5,"9":5,"10":5,"11":5,"12":5,"13":5,"14":3,"15":3,"16":2,"17":2,"18":1,"19":1,"20":0,"21":0,"22":0,"23":0,"24":0,"25":0,"26":0,"27":0,"28":0,"29":0,"30":0,"31":0,"32":1,"33":1,"34":1,"35":1,"36":2,"37":2},"f":{"0":5,"1":3,"2":0,"3":0,"4":0,"5":0,"6":0,"7":1,"8":1},"b":{"0":[2,1],"1":[1,1],"2":[0],"3":[1,0]}}
,"D:\\descargas\\archivos\\ahoea si\\backend\\src\\chatbot\\dto\\send-message.dto.ts": {"path":"D:\\descargas\\archivos\\ahoea si\\backend\\src\\chatbot\\dto\\send-message.dto.ts","statementMap":{"0":{"start":{"line":3,"column":0},"end":{"line":3,"column":43}},"1":{"start":{"line":4,"column":0},"end":{"line":4,"column":46}},"2":{"start":{"line":6,"column":0},"end":{"line":6,"column":13}},"3":{"start":{"line":13,"column":2},"end":{"line":13,"column":null}}},"fnMap":{},"branchMap":{},"s":{"0":1,"1":1,"2":1,"3":1},"f":{},"b":{}}
,"D:\\descargas\\archivos\\ahoea si\\backend\\src\\cuentas\\cuentas.controller.ts": {"path":"D:\\descargas\\archivos\\ahoea si\\backend\\src\\cuentas\\cuentas.controller.ts","statementMap":{"0":{"start":{"line":2,"column":0},"end":{"line":2,"column":81}},"1":{"start":{"line":3,"column":0},"end":{"line":3,"column":51}},"2":{"start":{"line":4,"column":0},"end":{"line":4,"column":55}},"3":{"start":{"line":6,"column":0},"end":{"line":6,"column":93}},"4":{"start":{"line":10,"column":7},"end":{"line":77,"column":null}},"5":{"start":{"line":11,"column":31},"end":{"line":11,"column":47}},"6":{"start":{"line":37,"column":4},"end":{"line":37,"column":58}},"7":{"start":{"line":75,"column":4},"end":{"line":75,"column":70}},"8":{"start":{"line":10,"column":13},"end":{"line":10,"column":30}},"9":{"start":{"line":36,"column":2},"end":{"line":38,"column":null}},"10":{"start":{"line":74,"column":8},"end":{"line":76,"column":null}},"11":{"start":{"line":10,"column":13},"end":{"line":77,"column":null}}},"fnMap":{"0":{"name":"(anonymous_4)","decl":{"start":{"line":11,"column":2},"end":{"line":11,"column":31}},"loc":{"start":{"line":11,"column":61},"end":{"line":11,"column":66}}},"1":{"name":"(anonymous_5)","decl":{"start":{"line":36,"column":2},"end":{"line":36,"column":18}},"loc":{"start":{"line":36,"column":33},"end":{"line":38,"column":3}}},"2":{"name":"(anonymous_6)","decl":{"start":{"line":74,"column":2},"end":{"line":74,"column":7}},"loc":{"start":{"line":74,"column":75},"end":{"line":76,"column":3}}}},"branchMap":{},"s":{"0":1,"1":1,"2":1,"3":1,"4":1,"5":3,"6":1,"7":1,"8":1,"9":1,"10":1,"11":1},"f":{"0":3,"1":1,"2":1},"b":{}}
,"D:\\descargas\\archivos\\ahoea si\\backend\\src\\cuentas\\cuentas.module.ts": {"path":"D:\\descargas\\archivos\\ahoea si\\backend\\src\\cuentas\\cuentas.module.ts","statementMap":{"0":{"start":{"line":1,"column":0},"end":{"line":1,"column":40}},"1":{"start":{"line":2,"column":0},"end":{"line":2,"column":48}},"2":{"start":{"line":3,"column":0},"end":{"line":3,"column":51}},"3":{"start":{"line":4,"column":0},"end":{"line":4,"column":57}},"4":{"start":{"line":5,"column":0},"end":{"line":5,"column":50}},"5":{"start":{"line":6,"column":0},"end":{"line":6,"column":50}},"6":{"start":{"line":7,"column":0},"end":{"line":7,"column":44}},"7":{"start":{"line":8,"column":0},"end":{"line":8,"column":43}},"8":{"start":{"line":16,"column":7},"end":{"line":16,"column":null}},"9":{"start":{"line":16,"column":13},"end":{"line":16,"column":26}},"10":{"start":{"line":16,"column":13},"end":{"line":16,"column":null}}},"fnMap":{},"branchMap":{},"s":{"0":0,"1":0,"2":0,"3":0,"4":0,"5":0,"6":0,"7":0,"8":0,"9":0,"10":0},"f":{},"b":{}}
,"D:\\descargas\\archivos\\ahoea si\\backend\\src\\cuentas\\cuentas.service.ts": {"path":"D:\\descargas\\archivos\\ahoea si\\backend\\src\\cuentas\\cuentas.service.ts","statementMap":{"0":{"start":{"line":2,"column":0},"end":{"line":2,"column":84}},"1":{"start":{"line":3,"column":0},"end":{"line":3,"column":51}},"2":{"start":{"line":4,"column":0},"end":{"line":4,"column":37}},"3":{"start":{"line":5,"column":0},"end":{"line":5,"column":50}},"4":{"start":{"line":6,"column":0},"end":{"line":6,"column":44}},"5":{"start":{"line":7,"column":0},"end":{"line":7,"column":43}},"6":{"start":{"line":10,"column":7},"end":{"line":60,"column":null}},"7":{"start":{"line":13,"column":12},"end":{"line":13,"column":31}},"8":{"start":{"line":15,"column":12},"end":{"line":15,"column":29}},"9":{"start":{"line":17,"column":12},"end":{"line":17,"column":28}},"10":{"start":{"line":21,"column":20},"end":{"line":21,"column":89}},"11":{"start":{"line":22,"column":4},"end":{"line":24,"column":5}},"12":{"start":{"line":23,"column":6},"end":{"line":23,"column":59}},"13":{"start":{"line":26,"column":28},"end":{"line":26,"column":125}},"14":{"start":{"line":27,"column":4},"end":{"line":29,"column":5}},"15":{"start":{"line":28,"column":6},"end":{"line":28,"column":79}},"16":{"start":{"line":31,"column":27},"end":{"line":31,"column":85}},"17":{"start":{"line":32,"column":22},"end":{"line":37,"column":6}},"18":{"start":{"line":38,"column":24},"end":{"line":38,"column":68}},"19":{"start":{"line":41,"column":27},"end":{"line":41,"column":37}},"20":{"start":{"line":42,"column":4},"end":{"line":42,"column":65}},"21":{"start":{"line":43,"column":20},"end":{"line":48,"column":6}},"22":{"start":{"line":49,"column":4},"end":{"line":49,"column":44}},"23":{"start":{"line":51,"column":4},"end":{"line":51,"column":23}},"24":{"start":{"line":55,"column":4},"end":{"line":58,"column":7}},"25":{"start":{"line":10,"column":13},"end":{"line":10,"column":27}},"26":{"start":{"line":10,"column":13},"end":{"line":60,"column":null}}},"fnMap":{"0":{"name":"(anonymous_4)","decl":{"start":{"line":11,"column":2},"end":{"line":11,"column":null}},"loc":{"start":{"line":17,"column":44},"end":{"line":18,"column":7}}},"1":{"name":"(anonymous_5)","decl":{"start":{"line":20,"column":2},"end":{"line":20,"column":7}},"loc":{"start":{"line":20,"column":50},"end":{"line":52,"column":3}}},"2":{"name":"(anonymous_6)","decl":{"start":{"line":54,"column":2},"end":{"line":54,"column":7}},"loc":{"start":{"line":54,"column":35},"end":{"line":59,"column":3}}}},"branchMap":{"0":{"loc":{"start":{"line":22,"column":4},"end":{"line":24,"column":5}},"type":"if","locations":[{"start":{"line":22,"column":4},"end":{"line":24,"column":5}}]},"1":{"loc":{"start":{"line":27,"column":4},"end":{"line":29,"column":5}},"type":"if","locations":[{"start":{"line":27,"column":4},"end":{"line":29,"column":5}}]}},"s":{"0":2,"1":2,"2":2,"3":2,"4":2,"5":2,"6":2,"7":5,"8":5,"9":5,"10":3,"11":3,"12":1,"13":2,"14":2,"15":1,"16":1,"17":1,"18":1,"19":1,"20":1,"21":1,"22":1,"23":1,"24":1,"25":2,"26":2},"f":{"0":5,"1":3,"2":1},"b":{"0":[1],"1":[1]}}
,"D:\\descargas\\archivos\\ahoea si\\backend\\src\\cuentas\\entities\\cuenta.entity.ts": {"path":"D:\\descargas\\archivos\\ahoea si\\backend\\src\\cuentas\\entities\\cuenta.entity.ts","statementMap":{"0":{"start":{"line":2,"column":0},"end":{"line":2,"column":null}},"1":{"start":{"line":11,"column":0},"end":{"line":11,"column":47}},"2":{"start":{"line":12,"column":0},"end":{"line":12,"column":75}},"3":{"start":{"line":13,"column":0},"end":{"line":13,"column":46}},"4":{"start":{"line":14,"column":0},"end":{"line":14,"column":46}},"5":{"start":{"line":17,"column":7},"end":{"line":83,"column":null}},"6":{"start":{"line":17,"column":13},"end":{"line":17,"column":19}},"7":{"start":{"line":24,"column":2},"end":{"line":24,"column":null}},"8":{"start":{"line":32,"column":2},"end":{"line":32,"column":null}},"9":{"start":{"line":28,"column":16},"end":{"line":28,"column":20}},"10":{"start":{"line":30,"column":19},"end":{"line":30,"column":23}},"11":{"start":{"line":30,"column":33},"end":{"line":30,"column":45}},"12":{"start":{"line":40,"column":2},"end":{"line":40,"column":null}},"13":{"start":{"line":50,"column":2},"end":{"line":50,"column":null}},"14":{"start":{"line":59,"column":2},"end":{"line":59,"column":null}},"15":{"start":{"line":68,"column":2},"end":{"line":68,"column":null}},"16":{"start":{"line":67,"column":80},"end":{"line":67,"column":99}},"17":{"start":{"line":75,"column":2},"end":{"line":75,"column":null}},"18":{"start":{"line":72,"column":16},"end":{"line":72,"column":28}},"19":{"start":{"line":74,"column":19},"end":{"line":74,"column":29}},"20":{"start":{"line":74,"column":45},"end":{"line":74,"column":62}},"21":{"start":{"line":82,"column":2},"end":{"line":82,"column":null}},"22":{"start":{"line":79,"column":16},"end":{"line":79,"column":22}},"23":{"start":{"line":81,"column":19},"end":{"line":81,"column":23}},"24":{"start":{"line":81,"column":33},"end":{"line":81,"column":44}},"25":{"start":{"line":17,"column":13},"end":{"line":83,"column":null}}},"fnMap":{"0":{"name":"(anonymous_2)","decl":{"start":{"line":28,"column":10},"end":{"line":28,"column":13}},"loc":{"start":{"line":28,"column":16},"end":{"line":28,"column":20}}},"1":{"name":"(anonymous_3)","decl":{"start":{"line":30,"column":13},"end":{"line":30,"column":16}},"loc":{"start":{"line":30,"column":19},"end":{"line":30,"column":23}}},"2":{"name":"(anonymous_4)","decl":{"start":{"line":30,"column":25},"end":{"line":30,"column":29}},"loc":{"start":{"line":30,"column":33},"end":{"line":30,"column":45}}},"3":{"name":"(anonymous_5)","decl":{"start":{"line":67,"column":74},"end":{"line":67,"column":77}},"loc":{"start":{"line":67,"column":80},"end":{"line":67,"column":99}}},"4":{"name":"(anonymous_6)","decl":{"start":{"line":72,"column":10},"end":{"line":72,"column":13}},"loc":{"start":{"line":72,"column":16},"end":{"line":72,"column":28}}},"5":{"name":"(anonymous_7)","decl":{"start":{"line":74,"column":13},"end":{"line":74,"column":16}},"loc":{"start":{"line":74,"column":19},"end":{"line":74,"column":29}}},"6":{"name":"(anonymous_8)","decl":{"start":{"line":74,"column":31},"end":{"line":74,"column":41}},"loc":{"start":{"line":74,"column":45},"end":{"line":74,"column":62}}},"7":{"name":"(anonymous_9)","decl":{"start":{"line":79,"column":10},"end":{"line":79,"column":13}},"loc":{"start":{"line":79,"column":16},"end":{"line":79,"column":22}}},"8":{"name":"(anonymous_10)","decl":{"start":{"line":81,"column":13},"end":{"line":81,"column":16}},"loc":{"start":{"line":81,"column":19},"end":{"line":81,"column":23}}},"9":{"name":"(anonymous_11)","decl":{"start":{"line":81,"column":25},"end":{"line":81,"column":29}},"loc":{"start":{"line":81,"column":33},"end":{"line":81,"column":44}}}},"branchMap":{},"s":{"0":20,"1":20,"2":20,"3":20,"4":20,"5":20,"6":20,"7":20,"8":20,"9":0,"10":0,"11":0,"12":20,"13":20,"14":20,"15":20,"16":0,"17":20,"18":0,"19":0,"20":0,"21":20,"22":0,"23":0,"24":0,"25":20},"f":{"0":0,"1":0,"2":0,"3":0,"4":0,"5":0,"6":0,"7":0,"8":0,"9":0},"b":{}}
,"D:\\descargas\\archivos\\ahoea si\\backend\\src\\destinatarios\\destinatarios.controller.ts": {"path":"D:\\descargas\\archivos\\ahoea si\\backend\\src\\destinatarios\\destinatarios.controller.ts","statementMap":{"0":{"start":{"line":2,"column":0},"end":{"line":2,"column":135}},"1":{"start":{"line":3,"column":0},"end":{"line":3,"column":55}},"2":{"start":{"line":4,"column":0},"end":{"line":4,"column":63}},"3":{"start":{"line":5,"column":0},"end":{"line":5,"column":70}},"4":{"start":{"line":6,"column":0},"end":{"line":6,"column":55}},"5":{"start":{"line":7,"column":0},"end":{"line":7,"column":70}},"6":{"start":{"line":9,"column":0},"end":{"line":9,"column":103}},"7":{"start":{"line":14,"column":7},"end":{"line":153,"column":null}},"8":{"start":{"line":16,"column":21},"end":{"line":16,"column":43}},"9":{"start":{"line":17,"column":21},"end":{"line":17,"column":35}},"10":{"start":{"line":48,"column":19},"end":{"line":48,"column":31}},"11":{"start":{"line":49,"column":24},"end":{"line":49,"column":64}},"12":{"start":{"line":50,"column":4},"end":{"line":50,"column":80}},"13":{"start":{"line":80,"column":19},"end":{"line":80,"column":31}},"14":{"start":{"line":81,"column":4},"end":{"line":81,"column":65}},"15":{"start":{"line":111,"column":19},"end":{"line":111,"column":31}},"16":{"start":{"line":112,"column":4},"end":{"line":112,"column":79}},"17":{"start":{"line":125,"column":19},"end":{"line":125,"column":31}},"18":{"start":{"line":126,"column":4},"end":{"line":126,"column":56}},"19":{"start":{"line":150,"column":19},"end":{"line":150,"column":31}},"20":{"start":{"line":151,"column":4},"end":{"line":151,"column":64}},"21":{"start":{"line":14,"column":13},"end":{"line":14,"column":36}},"22":{"start":{"line":47,"column":8},"end":{"line":51,"column":null}},"23":{"start":{"line":79,"column":8},"end":{"line":82,"column":null}},"24":{"start":{"line":106,"column":8},"end":{"line":113,"column":null}},"25":{"start":{"line":124,"column":8},"end":{"line":127,"column":null}},"26":{"start":{"line":149,"column":8},"end":{"line":152,"column":null}},"27":{"start":{"line":14,"column":13},"end":{"line":153,"column":null}}},"fnMap":{"0":{"name":"(anonymous_4)","decl":{"start":{"line":15,"column":2},"end":{"line":15,"column":null}},"loc":{"start":{"line":17,"column":47},"end":{"line":18,"column":7}}},"1":{"name":"(anonymous_5)","decl":{"start":{"line":47,"column":2},"end":{"line":47,"column":7}},"loc":{"start":{"line":47,"column":79},"end":{"line":51,"column":3}}},"2":{"name":"(anonymous_6)","decl":{"start":{"line":79,"column":2},"end":{"line":79,"column":7}},"loc":{"start":{"line":79,"column":26},"end":{"line":82,"column":3}}},"3":{"name":"(anonymous_7)","decl":{"start":{"line":106,"column":2},"end":{"line":106,"column":7}},"loc":{"start":{"line":109,"column":14},"end":{"line":113,"column":3}}},"4":{"name":"(anonymous_8)","decl":{"start":{"line":124,"column":2},"end":{"line":124,"column":7}},"loc":{"start":{"line":124,"column":64},"end":{"line":127,"column":3}}},"5":{"name":"(anonymous_9)","decl":{"start":{"line":149,"column":2},"end":{"line":149,"column":7}},"loc":{"start":{"line":149,"column":72},"end":{"line":152,"column":3}}}},"branchMap":{},"s":{"0":1,"1":1,"2":1,"3":1,"4":1,"5":1,"6":1,"7":1,"8":6,"9":6,"10":1,"11":1,"12":1,"13":1,"14":1,"15":1,"16":1,"17":1,"18":1,"19":1,"20":1,"21":1,"22":1,"23":1,"24":1,"25":1,"26":1,"27":1},"f":{"0":6,"1":1,"2":1,"3":1,"4":1,"5":1},"b":{}}
,"D:\\descargas\\archivos\\ahoea si\\backend\\src\\destinatarios\\destinatarios.module.ts": {"path":"D:\\descargas\\archivos\\ahoea si\\backend\\src\\destinatarios\\destinatarios.module.ts","statementMap":{"0":{"start":{"line":1,"column":0},"end":{"line":1,"column":40}},"1":{"start":{"line":2,"column":0},"end":{"line":2,"column":48}},"2":{"start":{"line":3,"column":0},"end":{"line":3,"column":63}},"3":{"start":{"line":4,"column":0},"end":{"line":4,"column":69}},"4":{"start":{"line":5,"column":0},"end":{"line":5,"column":62}},"5":{"start":{"line":6,"column":0},"end":{"line":6,"column":53}},"6":{"start":{"line":16,"column":7},"end":{"line":16,"column":null}},"7":{"start":{"line":16,"column":13},"end":{"line":16,"column":32}},"8":{"start":{"line":16,"column":13},"end":{"line":16,"column":null}}},"fnMap":{},"branchMap":{},"s":{"0":0,"1":0,"2":0,"3":0,"4":0,"5":0,"6":0,"7":0,"8":0},"f":{},"b":{}}
,"D:\\descargas\\archivos\\ahoea si\\backend\\src\\destinatarios\\destinatarios.service.ts": {"path":"D:\\descargas\\archivos\\ahoea si\\backend\\src\\destinatarios\\destinatarios.service.ts","statementMap":{"0":{"start":{"line":1,"column":0},"end":{"line":1,"column":63}},"1":{"start":{"line":2,"column":0},"end":{"line":2,"column":51}},"2":{"start":{"line":3,"column":0},"end":{"line":3,"column":37}},"3":{"start":{"line":4,"column":0},"end":{"line":4,"column":62}},"4":{"start":{"line":10,"column":7},"end":{"line":61,"column":null}},"5":{"start":{"line":13,"column":12},"end":{"line":13,"column":37}},"6":{"start":{"line":17,"column":30},"end":{"line":20,"column":6}},"7":{"start":{"line":21,"column":4},"end":{"line":21,"column":64}},"8":{"start":{"line":25,"column":4},"end":{"line":31,"column":7}},"9":{"start":{"line":35,"column":25},"end":{"line":35,"column":130}},"10":{"start":{"line":36,"column":4},"end":{"line":38,"column":5}},"11":{"start":{"line":37,"column":6},"end":{"line":37,"column":65}},"12":{"start":{"line":40,"column":4},"end":{"line":40,"column":76}},"13":{"start":{"line":41,"column":4},"end":{"line":41,"column":59}},"14":{"start":{"line":45,"column":19},"end":{"line":45,"column":112}},"15":{"start":{"line":46,"column":4},"end":{"line":48,"column":5}},"16":{"start":{"line":47,"column":6},"end":{"line":47,"column":101}},"17":{"start":{"line":52,"column":25},"end":{"line":52,"column":146}},"18":{"start":{"line":54,"column":4},"end":{"line":56,"column":5}},"19":{"start":{"line":55,"column":6},"end":{"line":55,"column":65}},"20":{"start":{"line":58,"column":4},"end":{"line":58,"column":57}},"21":{"start":{"line":59,"column":4},"end":{"line":59,"column":59}},"22":{"start":{"line":10,"column":13},"end":{"line":10,"column":33}},"23":{"start":{"line":10,"column":13},"end":{"line":61,"column":null}}},"fnMap":{"0":{"name":"(anonymous_4)","decl":{"start":{"line":11,"column":2},"end":{"line":11,"column":null}},"loc":{"start":{"line":13,"column":61},"end":{"line":14,"column":6}}},"1":{"name":"(anonymous_5)","decl":{"start":{"line":16,"column":2},"end":{"line":16,"column":7}},"loc":{"start":{"line":16,"column":78},"end":{"line":22,"column":3}}},"2":{"name":"(anonymous_6)","decl":{"start":{"line":24,"column":2},"end":{"line":24,"column":21}},"loc":{"start":{"line":24,"column":43},"end":{"line":32,"column":3}}},"3":{"name":"(anonymous_7)","decl":{"start":{"line":34,"column":2},"end":{"line":34,"column":7}},"loc":{"start":{"line":34,"column":94},"end":{"line":42,"column":3}}},"4":{"name":"(anonymous_8)","decl":{"start":{"line":44,"column":2},"end":{"line":44,"column":7}},"loc":{"start":{"line":44,"column":48},"end":{"line":49,"column":3}}},"5":{"name":"(anonymous_9)","decl":{"start":{"line":51,"column":2},"end":{"line":51,"column":7}},"loc":{"start":{"line":51,"column":68},"end":{"line":60,"column":3}}}},"branchMap":{"0":{"loc":{"start":{"line":36,"column":4},"end":{"line":38,"column":5}},"type":"if","locations":[{"start":{"line":36,"column":4},"end":{"line":38,"column":5}}]},"1":{"loc":{"start":{"line":46,"column":4},"end":{"line":48,"column":5}},"type":"if","locations":[{"start":{"line":46,"column":4},"end":{"line":48,"column":5}}]},"2":{"loc":{"start":{"line":54,"column":4},"end":{"line":56,"column":5}},"type":"if","locations":[{"start":{"line":54,"column":4},"end":{"line":56,"column":5}}]}},"s":{"0":2,"1":2,"2":2,"3":2,"4":2,"5":9,"6":1,"7":1,"8":1,"9":2,"10":2,"11":1,"12":1,"13":1,"14":2,"15":2,"16":1,"17":2,"18":2,"19":1,"20":1,"21":1,"22":2,"23":2},"f":{"0":9,"1":1,"2":1,"3":2,"4":2,"5":2},"b":{"0":[1],"1":[1],"2":[1]}}
,"D:\\descargas\\archivos\\ahoea si\\backend\\src\\destinatarios\\dto\\create-destinatario.dto.ts": {"path":"D:\\descargas\\archivos\\ahoea si\\backend\\src\\destinatarios\\dto\\create-destinatario.dto.ts","statementMap":{"0":{"start":{"line":2,"column":0},"end":{"line":2,"column":85}},"1":{"start":{"line":3,"column":0},"end":{"line":3,"column":46}},"2":{"start":{"line":5,"column":0},"end":{"line":5,"column":13}},"3":{"start":{"line":12,"column":2},"end":{"line":12,"column":null}},"4":{"start":{"line":22,"column":2},"end":{"line":22,"column":null}},"5":{"start":{"line":31,"column":2},"end":{"line":31,"column":null}},"6":{"start":{"line":41,"column":2},"end":{"line":41,"column":null}},"7":{"start":{"line":49,"column":2},"end":{"line":49,"column":null}},"8":{"start":{"line":57,"column":2},"end":{"line":57,"column":null}},"9":{"start":{"line":65,"column":2},"end":{"line":65,"column":null}}},"fnMap":{},"branchMap":{},"s":{"0":1,"1":1,"2":1,"3":1,"4":1,"5":1,"6":1,"7":1,"8":1,"9":1},"f":{},"b":{}}
,"D:\\descargas\\archivos\\ahoea si\\backend\\src\\destinatarios\\dto\\update-destinatario.dto.ts": {"path":"D:\\descargas\\archivos\\ahoea si\\backend\\src\\destinatarios\\dto\\update-destinatario.dto.ts","statementMap":{"0":{"start":{"line":2,"column":0},"end":{"line":2,"column":73}},"1":{"start":{"line":3,"column":0},"end":{"line":3,"column":46}},"2":{"start":{"line":5,"column":0},"end":{"line":5,"column":13}},"3":{"start":{"line":13,"column":2},"end":{"line":13,"column":null}},"4":{"start":{"line":24,"column":2},"end":{"line":24,"column":null}},"5":{"start":{"line":33,"column":2},"end":{"line":33,"column":null}},"6":{"start":{"line":43,"column":2},"end":{"line":43,"column":null}},"7":{"start":{"line":52,"column":2},"end":{"line":52,"column":null}},"8":{"start":{"line":61,"column":2},"end":{"line":61,"column":null}},"9":{"start":{"line":70,"column":2},"end":{"line":70,"column":null}}},"fnMap":{},"branchMap":{},"s":{"0":1,"1":1,"2":1,"3":1,"4":1,"5":1,"6":1,"7":1,"8":1,"9":1},"f":{},"b":{}}
,"D:\\descargas\\archivos\\ahoea si\\backend\\src\\destinatarios\\entities\\destinatario.entity.ts": {"path":"D:\\descargas\\archivos\\ahoea si\\backend\\src\\destinatarios\\entities\\destinatario.entity.ts","statementMap":{"0":{"start":{"line":2,"column":0},"end":{"line":2,"column":88}},"1":{"start":{"line":3,"column":0},"end":{"line":3,"column":47}},"2":{"start":{"line":4,"column":0},"end":{"line":4,"column":46}},"3":{"start":{"line":7,"column":7},"end":{"line":86,"column":null}},"4":{"start":{"line":7,"column":13},"end":{"line":7,"column":25}},"5":{"start":{"line":14,"column":2},"end":{"line":14,"column":null}},"6":{"start":{"line":22,"column":2},"end":{"line":22,"column":null}},"7":{"start":{"line":18,"column":16},"end":{"line":18,"column":20}},"8":{"start":{"line":20,"column":19},"end":{"line":20,"column":23}},"9":{"start":{"line":29,"column":2},"end":{"line":29,"column":null}},"10":{"start":{"line":37,"column":2},"end":{"line":37,"column":null}},"11":{"start":{"line":46,"column":2},"end":{"line":46,"column":null}},"12":{"start":{"line":56,"column":2},"end":{"line":56,"column":null}},"13":{"start":{"line":63,"column":2},"end":{"line":63,"column":null}},"14":{"start":{"line":70,"column":2},"end":{"line":70,"column":null}},"15":{"start":{"line":77,"column":2},"end":{"line":77,"column":null}},"16":{"start":{"line":85,"column":2},"end":{"line":85,"column":null}},"17":{"start":{"line":7,"column":13},"end":{"line":86,"column":null}}},"fnMap":{"0":{"name":"(anonymous_2)","decl":{"start":{"line":18,"column":10},"end":{"line":18,"column":13}},"loc":{"start":{"line":18,"column":16},"end":{"line":18,"column":20}}},"1":{"name":"(anonymous_3)","decl":{"start":{"line":20,"column":13},"end":{"line":20,"column":16}},"loc":{"start":{"line":20,"column":19},"end":{"line":20,"column":23}}}},"branchMap":{},"s":{"0":20,"1":20,"2":20,"3":20,"4":20,"5":20,"6":20,"7":0,"8":0,"9":20,"10":20,"11":20,"12":20,"13":20,"14":20,"15":20,"16":20,"17":20},"f":{"0":0,"1":0},"b":{}}
,"D:\\descargas\\archivos\\ahoea si\\backend\\src\\email\\email.module.ts": {"path":"D:\\descargas\\archivos\\ahoea si\\backend\\src\\email\\email.module.ts","statementMap":{"0":{"start":{"line":2,"column":0},"end":{"line":2,"column":40}},"1":{"start":{"line":3,"column":0},"end":{"line":3,"column":47}},"2":{"start":{"line":9,"column":7},"end":{"line":9,"column":null}},"3":{"start":{"line":9,"column":13},"end":{"line":9,"column":24}},"4":{"start":{"line":9,"column":13},"end":{"line":9,"column":null}}},"fnMap":{},"branchMap":{},"s":{"0":0,"1":0,"2":0,"3":0,"4":0},"f":{},"b":{}}
,"D:\\descargas\\archivos\\ahoea si\\backend\\src\\email\\email.service.ts": {"path":"D:\\descargas\\archivos\\ahoea si\\backend\\src\\email\\email.service.ts","statementMap":{"0":{"start":{"line":5,"column":0},"end":{"line":5,"column":44}},"1":{"start":{"line":6,"column":0},"end":{"line":6,"column":41}},"2":{"start":{"line":10,"column":7},"end":{"line":176,"column":null}},"3":{"start":{"line":11,"column":24},"end":{"line":17,"column":4}},"4":{"start":{"line":20,"column":28},"end":{"line":20,"column":78}},"5":{"start":{"line":21,"column":18},"end":{"line":21,"column":86}},"6":{"start":{"line":23,"column":17},"end":{"line":51,"column":6}},"7":{"start":{"line":56,"column":21},"end":{"line":56,"column":84}},"8":{"start":{"line":58,"column":17},"end":{"line":77,"column":6}},"9":{"start":{"line":79,"column":4},"end":{"line":79,"column":68}},"10":{"start":{"line":83,"column":21},"end":{"line":83,"column":56}},"11":{"start":{"line":84,"column":27},"end":{"line":84,"column":95}},"12":{"start":{"line":86,"column":4},"end":{"line":124,"column":5}},"13":{"start":{"line":87,"column":19},"end":{"line":117,"column":8}},"14":{"start":{"line":119,"column":6},"end":{"line":119,"column":87}},"15":{"start":{"line":120,"column":6},"end":{"line":120,"column":18}},"16":{"start":{"line":122,"column":6},"end":{"line":122,"column":88}},"17":{"start":{"line":123,"column":6},"end":{"line":123,"column":88}},"18":{"start":{"line":130,"column":28},"end":{"line":130,"column":63}},"19":{"start":{"line":131,"column":27},"end":{"line":131,"column":95}},"20":{"start":{"line":133,"column":4},"end":{"line":172,"column":5}},"21":{"start":{"line":134,"column":19},"end":{"line":165,"column":8}},"22":{"start":{"line":167,"column":6},"end":{"line":167,"column":78}},"23":{"start":{"line":168,"column":6},"end":{"line":168,"column":18}},"24":{"start":{"line":170,"column":6},"end":{"line":170,"column":79}},"25":{"start":{"line":171,"column":6},"end":{"line":171,"column":70}},"26":{"start":{"line":10,"column":13},"end":{"line":10,"column":25}},"27":{"start":{"line":10,"column":13},"end":{"line":176,"column":null}}},"fnMap":{"0":{"name":"(anonymous_1)","decl":{"start":{"line":19,"column":2},"end":{"line":19,"column":7}},"loc":{"start":{"line":19,"column":56},"end":{"line":53,"column":3}}},"1":{"name":"(anonymous_2)","decl":{"start":{"line":55,"column":2},"end":{"line":55,"column":7}},"loc":{"start":{"line":55,"column":109},"end":{"line":80,"column":3}}},"2":{"name":"(anonymous_3)","decl":{"start":{"line":82,"column":2},"end":{"line":82,"column":7}},"loc":{"start":{"line":82,"column":57},"end":{"line":125,"column":3}}},"3":{"name":"(anonymous_4)","decl":{"start":{"line":127,"column":2},"end":{"line":127,"column":7}},"loc":{"start":{"line":127,"column":56},"end":{"line":173,"column":3}}}},"branchMap":{},"s":{"0":6,"1":6,"2":6,"3":6,"4":1,"5":1,"6":1,"7":1,"8":1,"9":1,"10":2,"11":2,"12":2,"13":2,"14":1,"15":1,"16":1,"17":1,"18":1,"19":1,"20":1,"21":1,"22":1,"23":1,"24":0,"25":0,"26":6,"27":6},"f":{"0":1,"1":1,"2":2,"3":1},"b":{}}
,"D:\\descargas\\archivos\\ahoea si\\backend\\src\\movimiento\\movimiento\\movimiento.controller.ts": {"path":"D:\\descargas\\archivos\\ahoea si\\backend\\src\\movimiento\\movimiento\\movimiento.controller.ts","statementMap":{"0":{"start":{"line":2,"column":0},"end":{"line":2,"column":null}},"1":{"start":{"line":15,"column":0},"end":{"line":15,"column":57}},"2":{"start":{"line":16,"column":0},"end":{"line":16,"column":66}},"3":{"start":{"line":17,"column":0},"end":{"line":17,"column":55}},"4":{"start":{"line":19,"column":0},"end":{"line":19,"column":103}},"5":{"start":{"line":23,"column":7},"end":{"line":102,"column":null}},"6":{"start":{"line":24,"column":31},"end":{"line":24,"column":50}},"7":{"start":{"line":61,"column":23},"end":{"line":63,"column":null}},"8":{"start":{"line":65,"column":4},"end":{"line":65,"column":22}},"9":{"start":{"line":99,"column":24},"end":{"line":99,"column":88}},"10":{"start":{"line":100,"column":4},"end":{"line":100,"column":23}},"11":{"start":{"line":23,"column":13},"end":{"line":23,"column":33}},"12":{"start":{"line":57,"column":8},"end":{"line":66,"column":null}},"13":{"start":{"line":98,"column":8},"end":{"line":101,"column":null}},"14":{"start":{"line":23,"column":13},"end":{"line":102,"column":null}}},"fnMap":{"0":{"name":"(anonymous_4)","decl":{"start":{"line":24,"column":2},"end":{"line":24,"column":31}},"loc":{"start":{"line":24,"column":67},"end":{"line":24,"column":72}}},"1":{"name":"(anonymous_5)","decl":{"start":{"line":57,"column":2},"end":{"line":57,"column":7}},"loc":{"start":{"line":59,"column":52},"end":{"line":66,"column":3}}},"2":{"name":"(anonymous_6)","decl":{"start":{"line":98,"column":2},"end":{"line":98,"column":7}},"loc":{"start":{"line":98,"column":82},"end":{"line":101,"column":3}}}},"branchMap":{},"s":{"0":1,"1":1,"2":1,"3":1,"4":1,"5":1,"6":3,"7":1,"8":1,"9":1,"10":1,"11":1,"12":1,"13":1,"14":1},"f":{"0":3,"1":1,"2":1},"b":{}}
,"D:\\descargas\\archivos\\ahoea si\\backend\\src\\movimiento\\movimiento\\movimiento.entity.ts": {"path":"D:\\descargas\\archivos\\ahoea si\\backend\\src\\movimiento\\movimiento\\movimiento.entity.ts","statementMap":{"0":{"start":{"line":2,"column":0},"end":{"line":2,"column":106}},"1":{"start":{"line":3,"column":0},"end":{"line":3,"column":60}},"2":{"start":{"line":4,"column":0},"end":{"line":4,"column":46}},"3":{"start":{"line":7,"column":7},"end":{"line":49,"column":null}},"4":{"start":{"line":7,"column":13},"end":{"line":7,"column":23}},"5":{"start":{"line":14,"column":2},"end":{"line":14,"column":null}},"6":{"start":{"line":23,"column":2},"end":{"line":23,"column":null}},"7":{"start":{"line":31,"column":2},"end":{"line":31,"column":16}},"8":{"start":{"line":40,"column":2},"end":{"line":40,"column":null}},"9":{"start":{"line":39,"column":46},"end":{"line":39,"column":65}},"10":{"start":{"line":48,"column":2},"end":{"line":48,"column":null}},"11":{"start":{"line":44,"column":16},"end":{"line":44,"column":22}},"12":{"start":{"line":46,"column":19},"end":{"line":46,"column":25}},"13":{"start":{"line":46,"column":37},"end":{"line":46,"column":55}},"14":{"start":{"line":7,"column":13},"end":{"line":49,"column":null}}},"fnMap":{"0":{"name":"(anonymous_2)","decl":{"start":{"line":39,"column":40},"end":{"line":39,"column":43}},"loc":{"start":{"line":39,"column":46},"end":{"line":39,"column":65}}},"1":{"name":"(anonymous_3)","decl":{"start":{"line":44,"column":10},"end":{"line":44,"column":13}},"loc":{"start":{"line":44,"column":16},"end":{"line":44,"column":22}}},"2":{"name":"(anonymous_4)","decl":{"start":{"line":46,"column":13},"end":{"line":46,"column":16}},"loc":{"start":{"line":46,"column":19},"end":{"line":46,"column":25}}},"3":{"name":"(anonymous_5)","decl":{"start":{"line":46,"column":27},"end":{"line":46,"column":33}},"loc":{"start":{"line":46,"column":37},"end":{"line":46,"column":55}}}},"branchMap":{},"s":{"0":20,"1":20,"2":20,"3":20,"4":20,"5":20,"6":20,"7":20,"8":20,"9":0,"10":20,"11":0,"12":0,"13":0,"14":20},"f":{"0":0,"1":0,"2":0,"3":0},"b":{}}
,"D:\\descargas\\archivos\\ahoea si\\backend\\src\\movimiento\\movimiento\\movimiento.module.ts": {"path":"D:\\descargas\\archivos\\ahoea si\\backend\\src\\movimiento\\movimiento\\movimiento.module.ts","statementMap":{"0":{"start":{"line":2,"column":0},"end":{"line":2,"column":40}},"1":{"start":{"line":3,"column":0},"end":{"line":3,"column":48}},"2":{"start":{"line":4,"column":0},"end":{"line":4,"column":57}},"3":{"start":{"line":5,"column":0},"end":{"line":5,"column":63}},"4":{"start":{"line":6,"column":0},"end":{"line":6,"column":49}},"5":{"start":{"line":7,"column":0},"end":{"line":7,"column":59}},"6":{"start":{"line":8,"column":0},"end":{"line":8,"column":60}},"7":{"start":{"line":19,"column":7},"end":{"line":19,"column":null}},"8":{"start":{"line":19,"column":13},"end":{"line":19,"column":29}},"9":{"start":{"line":19,"column":13},"end":{"line":19,"column":null}}},"fnMap":{},"branchMap":{},"s":{"0":0,"1":0,"2":0,"3":0,"4":0,"5":0,"6":0,"7":0,"8":0,"9":0},"f":{},"b":{}}
,"D:\\descargas\\archivos\\ahoea si\\backend\\src\\movimiento\\movimiento\\movimiento.service.ts": {"path":"D:\\descargas\\archivos\\ahoea si\\backend\\src\\movimiento\\movimiento\\movimiento.service.ts","statementMap":{"0":{"start":{"line":2,"column":0},"end":{"line":2,"column":84}},"1":{"start":{"line":3,"column":0},"end":{"line":3,"column":51}},"2":{"start":{"line":4,"column":0},"end":{"line":4,"column":37}},"3":{"start":{"line":5,"column":0},"end":{"line":5,"column":49}},"4":{"start":{"line":7,"column":0},"end":{"line":7,"column":60}},"5":{"start":{"line":11,"column":7},"end":{"line":51,"column":null}},"6":{"start":{"line":14,"column":21},"end":{"line":14,"column":43}},"7":{"start":{"line":16,"column":21},"end":{"line":16,"column":39}},"8":{"start":{"line":20,"column":29},"end":{"line":20,"column":48}},"9":{"start":{"line":22,"column":19},"end":{"line":22,"column":83}},"10":{"start":{"line":23,"column":4},"end":{"line":25,"column":5}},"11":{"start":{"line":24,"column":6},"end":{"line":24,"column":59}},"12":{"start":{"line":27,"column":26},"end":{"line":27,"column":84}},"13":{"start":{"line":29,"column":24},"end":{"line":29,"column":59}},"14":{"start":{"line":30,"column":29},"end":{"line":30,"column":58}},"15":{"start":{"line":32,"column":4},"end":{"line":41,"column":5}},"16":{"start":{"line":33,"column":6},"end":{"line":33,"column":40}},"17":{"start":{"line":34,"column":11},"end":{"line":41,"column":5}},"18":{"start":{"line":35,"column":6},"end":{"line":37,"column":7}},"19":{"start":{"line":36,"column":8},"end":{"line":36,"column":76}},"20":{"start":{"line":38,"column":6},"end":{"line":38,"column":40}},"21":{"start":{"line":40,"column":6},"end":{"line":40,"column":69}},"22":{"start":{"line":43,"column":4},"end":{"line":43,"column":76}},"23":{"start":{"line":45,"column":4},"end":{"line":45,"column":57}},"24":{"start":{"line":49,"column":4},"end":{"line":49,"column":108}},"25":{"start":{"line":11,"column":13},"end":{"line":11,"column":30}},"26":{"start":{"line":11,"column":13},"end":{"line":51,"column":null}}},"fnMap":{"0":{"name":"(anonymous_4)","decl":{"start":{"line":12,"column":2},"end":{"line":12,"column":null}},"loc":{"start":{"line":16,"column":57},"end":{"line":17,"column":6}}},"1":{"name":"(anonymous_5)","decl":{"start":{"line":19,"column":2},"end":{"line":19,"column":7}},"loc":{"start":{"line":19,"column":83},"end":{"line":46,"column":3}}},"2":{"name":"(anonymous_6)","decl":{"start":{"line":48,"column":2},"end":{"line":48,"column":7}},"loc":{"start":{"line":48,"column":50},"end":{"line":50,"column":3}}}},"branchMap":{"0":{"loc":{"start":{"line":23,"column":4},"end":{"line":25,"column":5}},"type":"if","locations":[{"start":{"line":23,"column":4},"end":{"line":25,"column":5}}]},"1":{"loc":{"start":{"line":32,"column":4},"end":{"line":41,"column":5}},"type":"if","locations":[{"start":{"line":32,"column":4},"end":{"line":41,"column":5}},{"start":{"line":34,"column":11},"end":{"line":41,"column":5}}]},"2":{"loc":{"start":{"line":34,"column":11},"end":{"line":41,"column":5}},"type":"if","locations":[{"start":{"line":34,"column":11},"end":{"line":41,"column":5}},{"start":{"line":39,"column":11},"end":{"line":41,"column":5}}]},"3":{"loc":{"start":{"line":35,"column":6},"end":{"line":37,"column":7}},"type":"if","locations":[{"start":{"line":35,"column":6},"end":{"line":37,"column":7}}]}},"s":{"0":2,"1":2,"2":2,"3":2,"4":2,"5":2,"6":5,"7":5,"8":4,"9":4,"10":4,"11":1,"12":3,"13":3,"14":3,"15":3,"16":1,"17":2,"18":1,"19":1,"20":0,"21":1,"22":1,"23":1,"24":0,"25":2,"26":2},"f":{"0":5,"1":4,"2":0},"b":{"0":[1],"1":[1,2],"2":[1,1],"3":[1]}}
,"D:\\descargas\\archivos\\ahoea si\\backend\\src\\movimiento\\movimiento\\dto\\create-movimiento.dto.ts": {"path":"D:\\descargas\\archivos\\ahoea si\\backend\\src\\movimiento\\movimiento\\dto\\create-movimiento.dto.ts","statementMap":{"0":{"start":{"line":2,"column":0},"end":{"line":2,"column":94}},"1":{"start":{"line":3,"column":0},"end":{"line":3,"column":41}},"2":{"start":{"line":4,"column":0},"end":{"line":4,"column":46}},"3":{"start":{"line":6,"column":0},"end":{"line":6,"column":13}},"4":{"start":{"line":17,"column":2},"end":{"line":17,"column":null}},"5":{"start":{"line":16,"column":14},"end":{"line":16,"column":20}},"6":{"start":{"line":27,"column":2},"end":{"line":27,"column":16}}},"fnMap":{"0":{"name":"(anonymous_2)","decl":{"start":{"line":16,"column":8},"end":{"line":16,"column":11}},"loc":{"start":{"line":16,"column":14},"end":{"line":16,"column":20}}}},"branchMap":{},"s":{"0":1,"1":1,"2":1,"3":1,"4":1,"5":0,"6":1},"f":{"0":0},"b":{}}
,"D:\\descargas\\archivos\\ahoea si\\backend\\src\\movimientos\\movimientos.controller.ts": {"path":"D:\\descargas\\archivos\\ahoea si\\backend\\src\\movimientos\\movimientos.controller.ts","statementMap":{"0":{"start":{"line":3,"column":0},"end":{"line":3,"column":65}},"1":{"start":{"line":4,"column":0},"end":{"line":4,"column":59}},"2":{"start":{"line":5,"column":0},"end":{"line":5,"column":55}},"3":{"start":{"line":7,"column":0},"end":{"line":7,"column":84}},"4":{"start":{"line":8,"column":0},"end":{"line":8,"column":72}},"5":{"start":{"line":13,"column":7},"end":{"line":44,"column":null}},"6":{"start":{"line":14,"column":31},"end":{"line":14,"column":51}},"7":{"start":{"line":26,"column":19},"end":{"line":26,"column":31}},"8":{"start":{"line":27,"column":4},"end":{"line":27,"column":72}},"9":{"start":{"line":40,"column":19},"end":{"line":40,"column":31}},"10":{"start":{"line":41,"column":22},"end":{"line":41,"column":82}},"11":{"start":{"line":42,"column":4},"end":{"line":42,"column":21}},"12":{"start":{"line":13,"column":13},"end":{"line":13,"column":34}},"13":{"start":{"line":25,"column":8},"end":{"line":28,"column":null}},"14":{"start":{"line":39,"column":8},"end":{"line":43,"column":null}},"15":{"start":{"line":13,"column":13},"end":{"line":44,"column":null}}},"fnMap":{"0":{"name":"(anonymous_4)","decl":{"start":{"line":14,"column":2},"end":{"line":14,"column":31}},"loc":{"start":{"line":14,"column":69},"end":{"line":14,"column":74}}},"1":{"name":"(anonymous_5)","decl":{"start":{"line":25,"column":2},"end":{"line":25,"column":7}},"loc":{"start":{"line":25,"column":33},"end":{"line":28,"column":3}}},"2":{"name":"(anonymous_6)","decl":{"start":{"line":39,"column":2},"end":{"line":39,"column":7}},"loc":{"start":{"line":39,"column":35},"end":{"line":43,"column":3}}}},"branchMap":{},"s":{"0":1,"1":1,"2":1,"3":1,"4":1,"5":1,"6":3,"7":1,"8":1,"9":1,"10":1,"11":1,"12":1,"13":1,"14":1,"15":1},"f":{"0":3,"1":1,"2":1},"b":{}}
,"D:\\descargas\\archivos\\ahoea si\\backend\\src\\movimientos\\movimientos.module.ts": {"path":"D:\\descargas\\archivos\\ahoea si\\backend\\src\\movimientos\\movimientos.module.ts","statementMap":{"0":{"start":{"line":2,"column":0},"end":{"line":2,"column":40}},"1":{"start":{"line":3,"column":0},"end":{"line":3,"column":59}},"2":{"start":{"line":4,"column":0},"end":{"line":4,"column":65}},"3":{"start":{"line":5,"column":0},"end":{"line":5,"column":48}},"4":{"start":{"line":6,"column":0},"end":{"line":6,"column":76}},"5":{"start":{"line":7,"column":0},"end":{"line":7,"column":50}},"6":{"start":{"line":8,"column":0},"end":{"line":8,"column":54}},"7":{"start":{"line":9,"column":0},"end":{"line":9,"column":45}},"8":{"start":{"line":10,"column":0},"end":{"line":10,"column":60}},"9":{"start":{"line":21,"column":7},"end":{"line":21,"column":null}},"10":{"start":{"line":21,"column":13},"end":{"line":21,"column":30}},"11":{"start":{"line":21,"column":13},"end":{"line":21,"column":null}}},"fnMap":{},"branchMap":{},"s":{"0":0,"1":0,"2":0,"3":0,"4":0,"5":0,"6":0,"7":0,"8":0,"9":0,"10":0,"11":0},"f":{},"b":{}}
[...]
,"D:\\descargas\\archivos\\ahoea si\\backend\\src\\transfers\\entities\\usuario-externo.entity.ts": {"path":"D:\\descargas\\archivos\\ahoea si\\backend\\src\\transfers\\entities\\usuario-externo.entity.ts","statementMap":{"0":{"start":{"line":2,"column":0},"end":{"line":2,"column":65}},"1":{"start":{"line":3,"column":0},"end":{"line":3,"column":46}},"2":{"start":{"line":6,"column":7},"end":{"line":66,"column":null}},"3":{"start":{"line":6,"column":13},"end":{"line":6,"column":27}},"4":{"start":{"line":13,"column":2},"end":{"line":13,"column":null}},"5":{"start":{"line":21,"column":2},"end":{"line":21,"column":null}},"6":{"start":{"line":30,"column":2},"end":{"line":30,"column":null}},"7":{"start":{"line":38,"column":2},"end":{"line":38,"column":null}},"8":{"start":{"line":46,"column":2},"end":{"line":46,"column":null}},"9":{"start":{"line":54,"column":2},"end":{"line":54,"column":null}},"10":{"start":{"line":65,"column":2},"end":{"line":65,"column":null}},"11":{"start":{"line":6,"column":13},"end":{"line":66,"column":null}}},"fnMap":{},"branchMap":{},"s":{"0":5,"1":5,"2":5,"3":5,"4":5,"5":5,"6":5,"7":5,"8":5,"9":5,"10":5,"11":5},"f":{},"b":{}}
,"D:\\descargas\\archivos\\ahoea si\\backend\\src\\users\\user.entity.ts": {"path":"D:\\descargas\\archivos\\ahoea si\\backend\\src\\users\\user.entity.ts","statementMap":{"0":{"start":{"line":2,"column":0},"end":{"line":2,"column":76}},"1":{"start":{"line":3,"column":0},"end":{"line":3,"column":59}},"2":{"start":{"line":4,"column":0},"end":{"line":4,"column":77}},"3":{"start":{"line":5,"column":0},"end":{"line":5,"column":46}},"4":{"start":{"line":8,"column":7},"end":{"line":155,"column":null}},"5":{"start":{"line":8,"column":13},"end":{"line":8,"column":17}},"6":{"start":{"line":15,"column":2},"end":{"line":15,"column":null}},"7":{"start":{"line":22,"column":2},"end":{"line":22,"column":null}},"8":{"start":{"line":29,"column":2},"end":{"line":29,"column":null}},"9":{"start":{"line":38,"column":2},"end":{"line":38,"column":null}},"10":{"start":{"line":46,"column":2},"end":{"line":46,"column":null}},"11":{"start":{"line":55,"column":2},"end":{"line":55,"column":null}},"12":{"start":{"line":62,"column":2},"end":{"line":62,"column":null}},"13":{"start":{"line":69,"column":2},"end":{"line":69,"column":null}},"14":{"start":{"line":78,"column":2},"end":{"line":78,"column":null}},"15":{"start":{"line":87,"column":2},"end":{"line":87,"column":null}},"16":{"start":{"line":96,"column":2},"end":{"line":96,"column":null}},"17":{"start":{"line":104,"column":2},"end":{"line":104,"column":null}},"18":{"start":{"line":111,"column":2},"end":{"line":111,"column":null}},"19":{"start":{"line":108,"column":16},"end":{"line":108,"column":24}},"20":{"start":{"line":110,"column":19},"end":{"line":110,"column":25}},"21":{"start":{"line":110,"column":47},"end":{"line":110,"column":61}},"22":{"start":{"line":118,"column":2},"end":{"line":118,"column":null}},"23":{"start":{"line":115,"column":16},"end":{"line":115,"column":30}},"24":{"start":{"line":117,"column":61},"end":{"line":117,"column":85}},"25":{"start":{"line":128,"column":2},"end":{"line":128,"column":null}},"26":{"start":{"line":138,"column":2},"end":{"line":138,"column":null}},"27":{"start":{"line":146,"column":2},"end":{"line":146,"column":null}},"28":{"start":{"line":154,"column":2},"end":{"line":154,"column":null}},"29":{"start":{"line":8,"column":13},"end":{"line":155,"column":null}}},"fnMap":{"0":{"name":"(anonymous_2)","decl":{"start":{"line":108,"column":10},"end":{"line":108,"column":13}},"loc":{"start":{"line":108,"column":16},"end":{"line":108,"column":24}}},"1":{"name":"(anonymous_3)","decl":{"start":{"line":110,"column":13},"end":{"line":110,"column":16}},"loc":{"start":{"line":110,"column":19},"end":{"line":110,"column":25}}},"2":{"name":"(anonymous_4)","decl":{"start":{"line":110,"column":27},"end":{"line":110,"column":28}},"loc":{"start":{"line":110,"column":47},"end":{"line":110,"column":61}}},"3":{"name":"(anonymous_5)","decl":{"start":{"line":115,"column":10},"end":{"line":115,"column":13}},"loc":{"start":{"line":115,"column":16},"end":{"line":115,"column":30}}},"4":{"name":"(anonymous_6)","decl":{"start":{"line":117,"column":29},"end":{"line":117,"column":30}},"loc":{"start":{"line":117,"column":61},"end":{"line":117,"column":85}}}},"branchMap":{},"s":{"0":20,"1":20,"2":20,"3":20,"4":20,"5":20,"6":20,"7":20,"8":20,"9":20,"10":20,"11":20,"12":20,"13":20,"14":20,"15":20,"16":20,"17":20,"18":20,"19":0,"20":0,"21":0,"22":20,"23":0,"24":0,"25":20,"26":20,"27":20,"28":20,"29":20},"f":{"0":0,"1":0,"2":0,"3":0,"4":0},"b":{}}
,"D:\\descargas\\archivos\\ahoea si\\backend\\src\\users\\users.controller.ts": {"path":"D:\\descargas\\archivos\\ahoea si\\backend\\src\\users\\users.controller.ts","statementMap":{"0":{"start":{"line":5,"column":0},"end":{"line":5,"column":146}},"1":{"start":{"line":6,"column":0},"end":{"line":6,"column":47}},"2":{"start":{"line":7,"column":0},"end":{"line":7,"column":54}},"3":{"start":{"line":8,"column":0},"end":{"line":8,"column":52}},"4":{"start":{"line":9,"column":0},"end":{"line":9,"column":58}},"5":{"start":{"line":10,"column":0},"end":{"line":10,"column":39}},"6":{"start":{"line":11,"column":0},"end":{"line":11,"column":33}},"7":{"start":{"line":13,"column":0},"end":{"line":13,"column":103}},"8":{"start":{"line":17,"column":7},"end":{"line":181,"column":null}},"9":{"start":{"line":18,"column":31},"end":{"line":18,"column":45}},"10":{"start":{"line":43,"column":4},"end":{"line":43,"column":52}},"11":{"start":{"line":65,"column":19},"end":{"line":65,"column":31}},"12":{"start":{"line":66,"column":4},"end":{"line":66,"column":67}},"13":{"start":{"line":89,"column":19},"end":{"line":89,"column":31}},"14":{"start":{"line":90,"column":4},"end":{"line":90,"column":61}},"15":{"start":{"line":108,"column":17},"end":{"line":108,"column":63}},"16":{"start":{"line":109,"column":4},"end":{"line":109,"column":40}},"17":{"start":{"line":128,"column":17},"end":{"line":128,"column":63}},"18":{"start":{"line":129,"column":4},"end":{"line":129,"column":68}},"19":{"start":{"line":129,"column":15},"end":{"line":129,"column":68}},"20":{"start":{"line":130,"column":4},"end":{"line":134,"column":5}},"21":{"start":{"line":131,"column":21},"end":{"line":131,"column":81}},"22":{"start":{"line":132,"column":6},"end":{"line":132,"column":38}},"23":{"start":{"line":133,"column":6},"end":{"line":133,"column":41}},"24":{"start":{"line":135,"column":20},"end":{"line":140,"column":6}},"25":{"start":{"line":141,"column":15},"end":{"line":141,"column":46}},"26":{"start":{"line":142,"column":4},"end":{"line":142,"column":43}},"27":{"start":{"line":170,"column":17},"end":{"line":170,"column":63}},"28":{"start":{"line":171,"column":4},"end":{"line":171,"column":89}},"29":{"start":{"line":171,"column":35},"end":{"line":171,"column":89}},"30":{"start":{"line":172,"column":21},"end":{"line":177,"column":6}},"31":{"start":{"line":178,"column":4},"end":{"line":178,"column":76}},"32":{"start":{"line":178,"column":19},"end":{"line":178,"column":76}},"33":{"start":{"line":179,"column":4},"end":{"line":179,"column":29}},"34":{"start":{"line":17,"column":13},"end":{"line":17,"column":28}},"35":{"start":{"line":41,"column":2},"end":{"line":44,"column":null}},"36":{"start":{"line":61,"column":2},"end":{"line":67,"column":null}},"37":{"start":{"line":85,"column":2},"end":{"line":91,"column":null}},"38":{"start":{"line":107,"column":8},"end":{"line":110,"column":null}},"39":{"start":{"line":127,"column":8},"end":{"line":143,"column":null}},"40":{"start":{"line":169,"column":8},"end":{"line":180,"column":null}},"41":{"start":{"line":17,"column":13},"end":{"line":181,"column":null}}},"fnMap":{"0":{"name":"(anonymous_4)","decl":{"start":{"line":18,"column":2},"end":{"line":18,"column":31}},"loc":{"start":{"line":18,"column":57},"end":{"line":18,"column":62}}},"1":{"name":"(anonymous_5)","decl":{"start":{"line":41,"column":2},"end":{"line":41,"column":12}},"loc":{"start":{"line":41,"column":27},"end":{"line":44,"column":3}}},"2":{"name":"(anonymous_6)","decl":{"start":{"line":61,"column":2},"end":{"line":61,"column":14}},"loc":{"start":{"line":63,"column":64},"end":{"line":67,"column":3}}},"3":{"name":"(anonymous_7)","decl":{"start":{"line":85,"column":2},"end":{"line":85,"column":11}},"loc":{"start":{"line":87,"column":58},"end":{"line":91,"column":3}}},"4":{"name":"(anonymous_8)","decl":{"start":{"line":107,"column":2},"end":{"line":107,"column":7}},"loc":{"start":{"line":107,"column":32},"end":{"line":110,"column":3}}},"5":{"name":"(anonymous_9)","decl":{"start":{"line":127,"column":2},"end":{"line":127,"column":7}},"loc":{"start":{"line":127,"column":31},"end":{"line":143,"column":3}}},"6":{"name":"(anonymous_10)","decl":{"start":{"line":169,"column":2},"end":{"line":169,"column":7}},"loc":{"start":{"line":169,"column":60},"end":{"line":180,"column":3}}}},"branchMap":{"0":{"loc":{"start":{"line":129,"column":4},"end":{"line":129,"column":68}},"type":"if","locations":[{"start":{"line":129,"column":4},"end":{"line":129,"column":68}}]},"1":{"loc":{"start":{"line":130,"column":4},"end":{"line":134,"column":5}},"type":"if","locations":[{"start":{"line":130,"column":4},"end":{"line":134,"column":5}}]},"2":{"loc":{"start":{"line":171,"column":4},"end":{"line":171,"column":89}},"type":"if","locations":[{"start":{"line":171,"column":4},"end":{"line":171,"column":89}}]},"3":{"loc":{"start":{"line":171,"column":8},"end":{"line":171,"column":33}},"type":"binary-expr","locations":[{"start":{"line":171,"column":8},"end":{"line":171,"column":13}},{"start":{"line":171,"column":17},"end":{"line":171,"column":33}}]},"4":{"loc":{"start":{"line":178,"column":4},"end":{"line":178,"column":76}},"type":"if","locations":[{"start":{"line":178,"column":4},"end":{"line":178,"column":76}}]}},"s":{"0":1,"1":1,"2":1,"3":1,"4":1,"5":1,"6":1,"7":1,"8":1,"9":1,"10":0,"11":0,"12":0,"13":0,"14":0,"15":0,"16":0,"17":0,"18":0,"19":0,"20":0,"21":0,"22":0,"23":0,"24":0,"25":0,"26":0,"27":0,"28":0,"29":0,"30":0,"31":0,"32":0,"33":0,"34":1,"35":1,"36":1,"37":1,"38":1,"39":1,"40":1,"41":1},"f":{"0":1,"1":0,"2":0,"3":0,"4":0,"5":0,"6":0},"b":{"0":[0],"1":[0],"2":[0],"3":[0,0],"4":[0]}}
,"D:\\descargas\\archivos\\ahoea si\\backend\\src\\users\\users.module.ts": {"path":"D:\\descargas\\archivos\\ahoea si\\backend\\src\\users\\users.module.ts","statementMap":{"0":{"start":{"line":2,"column":0},"end":{"line":2,"column":40}},"1":{"start":{"line":3,"column":0},"end":{"line":3,"column":48}},"2":{"start":{"line":4,"column":0},"end":{"line":4,"column":37}},"3":{"start":{"line":5,"column":0},"end":{"line":5,"column":47}},"4":{"start":{"line":6,"column":0},"end":{"line":6,"column":53}},"5":{"start":{"line":14,"column":7},"end":{"line":14,"column":null}},"6":{"start":{"line":14,"column":13},"end":{"line":14,"column":24}},"7":{"start":{"line":14,"column":13},"end":{"line":14,"column":null}}},"fnMap":{},"branchMap":{},"s":{"0":0,"1":0,"2":0,"3":0,"4":0,"5":0,"6":0,"7":0},"f":{},"b":{}}
,"D:\\descargas\\archivos\\ahoea si\\backend\\src\\users\\users.service.ts": {"path":"D:\\descargas\\archivos\\ahoea si\\backend\\src\\users\\users.service.ts","statementMap":{"0":{"start":{"line":3,"column":0},"end":{"line":3,"column":107}},"1":{"start":{"line":4,"column":0},"end":{"line":4,"column":51}},"2":{"start":{"line":5,"column":0},"end":{"line":5,"column":37}},"3":{"start":{"line":6,"column":0},"end":{"line":6,"column":37}},"4":{"start":{"line":9,"column":0},"end":{"line":9,"column":33}},"5":{"start":{"line":13,"column":7},"end":{"line":111,"column":null}},"6":{"start":{"line":16,"column":12},"end":{"line":16,"column":29}},"7":{"start":{"line":20,"column":17},"end":{"line":23,"column":6}},"8":{"start":{"line":24,"column":4},"end":{"line":26,"column":5}},"9":{"start":{"line":25,"column":6},"end":{"line":25,"column":78}},"10":{"start":{"line":27,"column":4},"end":{"line":27,"column":16}},"11":{"start":{"line":31,"column":4},"end":{"line":31,"column":86}},"12":{"start":{"line":35,"column":20},"end":{"line":35,"column":62}},"13":{"start":{"line":36,"column":4},"end":{"line":36,"column":46}},"14":{"start":{"line":40,"column":17},"end":{"line":43,"column":6}},"15":{"start":{"line":44,"column":4},"end":{"line":46,"column":5}},"16":{"start":{"line":45,"column":6},"end":{"line":45,"column":66}},"17":{"start":{"line":47,"column":4},"end":{"line":47,"column":16}},"18":{"start":{"line":51,"column":23},"end":{"line":51,"column":38}},"19":{"start":{"line":52,"column":17},"end":{"line":52,"column":86}},"20":{"start":{"line":54,"column":4},"end":{"line":56,"column":5}},"21":{"start":{"line":55,"column":6},"end":{"line":55,"column":60}},"22":{"start":{"line":58,"column":4},"end":{"line":60,"column":5}},"23":{"start":{"line":59,"column":6},"end":{"line":59,"column":87}},"24":{"start":{"line":62,"column":26},"end":{"line":62,"column":67}},"25":{"start":{"line":63,"column":4},"end":{"line":65,"column":5}},"26":{"start":{"line":64,"column":6},"end":{"line":64,"column":73}},"27":{"start":{"line":67,"column":4},"end":{"line":67,"column":29}},"28":{"start":{"line":71,"column":58},"end":{"line":71,"column":70}},"29":{"start":{"line":73,"column":4},"end":{"line":75,"column":5}},"30":{"start":{"line":74,"column":6},"end":{"line":74,"column":72}},"31":{"start":{"line":77,"column":17},"end":{"line":77,"column":86}},"32":{"start":{"line":78,"column":4},"end":{"line":80,"column":5}},"33":{"start":{"line":79,"column":6},"end":{"line":79,"column":60}},"34":{"start":{"line":82,"column":30},"end":{"line":82,"column":82}},"35":{"start":{"line":83,"column":4},"end":{"line":85,"column":5}},"36":{"start":{"line":84,"column":6},"end":{"line":84,"column":77}},"37":{"start":{"line":88,"column":4},"end":{"line":98,"column":5}},"38":{"start":{"line":90,"column":6},"end":{"line":92,"column":7}},"39":{"start":{"line":91,"column":8},"end":{"line":91,"column":93}},"40":{"start":{"line":95,"column":6},"end":{"line":97,"column":7}},"41":{"start":{"line":96,"column":8},"end":{"line":96,"column":105}},"42":{"start":{"line":100,"column":25},"end":{"line":100,"column":57}},"43":{"start":{"line":101,"column":4},"end":{"line":101,"column":31}},"44":{"start":{"line":103,"column":4},"end":{"line":103,"column":42}},"45":{"start":{"line":105,"column":4},"end":{"line":105,"column":113}},"46":{"start":{"line":109,"column":4},"end":{"line":109,"column":43}},"47":{"start":{"line":13,"column":13},"end":{"line":13,"column":25}},"48":{"start":{"line":13,"column":13},"end":{"line":111,"column":null}}},"fnMap":{"0":{"name":"(anonymous_4)","decl":{"start":{"line":14,"column":2},"end":{"line":14,"column":null}},"loc":{"start":{"line":16,"column":45},"end":{"line":17,"column":7}}},"1":{"name":"(anonymous_5)","decl":{"start":{"line":19,"column":2},"end":{"line":19,"column":7}},"loc":{"start":{"line":19,"column":38},"end":{"line":28,"column":3}}},"2":{"name":"(anonymous_6)","decl":{"start":{"line":30,"column":2},"end":{"line":30,"column":17}},"loc":{"start":{"line":30,"column":31},"end":{"line":32,"column":3}}},"3":{"name":"(anonymous_7)","decl":{"start":{"line":34,"column":2},"end":{"line":34,"column":7}},"loc":{"start":{"line":34,"column":43},"end":{"line":37,"column":3}}},"4":{"name":"(anonymous_8)","decl":{"start":{"line":39,"column":2},"end":{"line":39,"column":7}},"loc":{"start":{"line":39,"column":27},"end":{"line":48,"column":3}}},"5":{"name":"(anonymous_9)","decl":{"start":{"line":50,"column":2},"end":{"line":50,"column":7}},"loc":{"start":{"line":50,"column":69},"end":{"line":68,"column":3}}},"6":{"name":"(anonymous_10)","decl":{"start":{"line":70,"column":2},"end":{"line":70,"column":7}},"loc":{"start":{"line":70,"column":60},"end":{"line":106,"column":3}}},"7":{"name":"(anonymous_11)","decl":{"start":{"line":108,"column":2},"end":{"line":108,"column":7}},"loc":{"start":{"line":108,"column":23},"end":{"line":110,"column":3}}}},"branchMap":{"0":{"loc":{"start":{"line":24,"column":4},"end":{"line":26,"column":5}},"type":"if","locations":[{"start":{"line":24,"column":4},"end":{"line":26,"column":5}}]},"1":{"loc":{"start":{"line":44,"column":4},"end":{"line":46,"column":5}},"type":"if","locations":[{"start":{"line":44,"column":4},"end":{"line":46,"column":5}}]},"2":{"loc":{"start":{"line":54,"column":4},"end":{"line":56,"column":5}},"type":"if","locations":[{"start":{"line":54,"column":4},"end":{"line":56,"column":5}}]},"3":{"loc":{"start":{"line":58,"column":4},"end":{"line":60,"column":5}},"type":"if","locations":[{"start":{"line":58,"column":4},"end":{"line":60,"column":5}}]},"4":{"loc":{"start":{"line":63,"column":4},"end":{"line":65,"column":5}},"type":"if","locations":[{"start":{"line":63,"column":4},"end":{"line":65,"column":5}}]},"5":{"loc":{"start":{"line":73,"column":4},"end":{"line":75,"column":5}},"type":"if","locations":[{"start":{"line":73,"column":4},"end":{"line":75,"column":5}}]},"6":{"loc":{"start":{"line":78,"column":4},"end":{"line":80,"column":5}},"type":"if","locations":[{"start":{"line":78,"column":4},"end":{"line":80,"column":5}}]},"7":{"loc":{"start":{"line":83,"column":4},"end":{"line":85,"column":5}},"type":"if","locations":[{"start":{"line":83,"column":4},"end":{"line":85,"column":5}}]},"8":{"loc":{"start":{"line":88,"column":4},"end":{"line":98,"column":5}},"type":"if","locations":[{"start":{"line":88,"column":4},"end":{"line":98,"column":5}},{"start":{"line":93,"column":11},"end":{"line":98,"column":5}}]},"9":{"loc":{"start":{"line":90,"column":6},"end":{"line":92,"column":7}},"type":"if","locations":[{"start":{"line":90,"column":6},"end":{"line":92,"column":7}}]},"10":{"loc":{"start":{"line":95,"column":6},"end":{"line":97,"column":7}},"type":"if","locations":[{"start":{"line":95,"column":6},"end":{"line":97,"column":7}}]},"11":{"loc":{"start":{"line":105,"column":22},"end":{"line":105,"column":110}},"type":"cond-expr","locations":[{"start":{"line":105,"column":36},"end":{"line":105,"column":74}},{"start":{"line":105,"column":77},"end":{"line":105,"column":110}}]}},"s":{"0":5,"1":5,"2":5,"3":5,"4":5,"5":5,"6":0,"7":0,"8":0,"9":0,"10":0,"11":0,"12":0,"13":0,"14":0,"15":0,"16":0,"17":0,"18":0,"19":0,"20":0,"21":0,"22":0,"23":0,"24":0,"25":0,"26":0,"27":0,"28":0,"29":0,"30":0,"31":0,"32":0,"33":0,"34":0,"35":0,"36":0,"37":0,"38":0,"39":0,"40":0,"41":0,"42":0,"43":0,"44":0,"45":0,"46":0,"47":5,"48":5},"f":{"0":0,"1":0,"2":0,"3":0,"4":0,"5":0,"6":0,"7":0},"b":{"0":[0],"1":[0],"2":[0],"3":[0],"4":[0],"5":[0],"6":[0],"7":[0],"8":[0,0],"9":[0],"10":[0],"11":[0,0]}}
,"D:\\descargas\\archivos\\ahoea si\\backend\\src\\users\\dto\\set-bepass.dto.ts": {"path":"D:\\descargas\\archivos\\ahoea si\\backend\\src\\users\\dto\\set-bepass.dto.ts","statementMap":{"0":{"start":{"line":2,"column":0},"end":{"line":2,"column":83}},"1":{"start":{"line":3,"column":0},"end":{"line":3,"column":46}},"2":{"start":{"line":5,"column":0},"end":{"line":5,"column":13}},"3":{"start":{"line":16,"column":2},"end":{"line":16,"column":null}},"4":{"start":{"line":26,"column":2},"end":{"line":26,"column":null}},"5":{"start":{"line":34,"column":2},"end":{"line":34,"column":null}},"6":{"start":{"line":43,"column":2},"end":{"line":43,"column":null}}},"fnMap":{},"branchMap":{},"s":{"0":1,"1":1,"2":1,"3":1,"4":1,"5":1,"6":1},"f":{},"b":{}}
,"D:\\descargas\\archivos\\ahoea si\\backend\\src\\users\\dto\\verify-bepass.dto.ts": {"path":"D:\\descargas\\archivos\\ahoea si\\backend\\src\\users\\dto\\verify-bepass.dto.ts","statementMap":{"0":{"start":{"line":1,"column":0},"end":{"line":1,"column":63}},"1":{"start":{"line":2,"column":0},"end":{"line":2,"column":46}},"2":{"start":{"line":4,"column":0},"end":{"line":4,"column":13}},"3":{"start":{"line":15,"column":2},"end":{"line":15,"column":null}}},"fnMap":{},"branchMap":{},"s":{"0":1,"1":1,"2":1,"3":1},"f":{},"b":{}}
}
