TN:
SF:src\app.controller.ts
FN:7,(anonymous_2)
FN:10,(anonymous_3)
FNF:2
FNH:2
FNDA:1,(anonymous_2)
FNDA:1,(anonymous_3)
DA:2,1
DA:3,1
DA:6,1
DA:7,1
DA:10,1
DA:11,1
LF:6
LH:6
BRF:0
BRH:0
end_of_record
TN:
SF:src\app.module.ts
FN:42,(anonymous_1)
FNF:1
FNH:0
FNDA:0,(anonymous_1)
DA:2,0
DA:3,0
DA:4,0
DA:5,0
DA:6,0
DA:7,0
DA:8,0
DA:9,0
DA:10,0
DA:11,0
DA:12,0
DA:13,0
DA:14,0
DA:15,0
DA:16,0
DA:17,0
DA:18,0
DA:19,0
DA:20,0
DA:21,0
DA:22,0
DA:23,0
DA:24,0
DA:25,0
DA:26,0
DA:27,0
DA:28,0
DA:29,0
DA:42,0
DA:68,0
LF:30
LH:0
BRF:0
BRH:0
end_of_record
TN:
SF:src\app.service.ts
FN:6,(anonymous_1)
FNF:1
FNH:1
FNDA:1,(anonymous_1)
DA:2,1
DA:5,1
DA:7,1
LF:3
LH:3
BRF:0
BRH:0
end_of_record
TN:
SF:src\main.ts
FN:9,bootstrap
FNF:1
FNH:0
FNDA:0,bootstrap
DA:2,0
DA:3,0
DA:5,0
DA:6,0
DA:7,0
DA:10,0
DA:13,0
DA:16,0
DA:19,0
DA:26,0
DA:35,0
DA:92,0
DA:95,0
DA:99,0
DA:103,0
LF:15
LH:0
BRDA:99,0,0,0
BRDA:99,0,1,0
BRF:2
BRH:0
end_of_record
TN:
SF:src\auth\auth.controller.ts
FN:16,(anonymous_4)
FN:39,(anonymous_5)
FN:48,(anonymous_6)
FN:63,(anonymous_7)
FN:72,(anonymous_8)
FN:82,(anonymous_9)
FNF:6
FNH:6
FNDA:6,(anonymous_4)
FNDA:1,(anonymous_5)
FNDA:1,(anonymous_6)
FNDA:1,(anonymous_7)
FNDA:1,(anonymous_8)
FNDA:1,(anonymous_9)
DA:4,1
DA:5,1
DA:6,1
DA:7,1
DA:8,1
DA:9,1
DA:11,1
DA:15,1
DA:16,6
DA:39,1
DA:40,1
DA:48,1
DA:49,1
DA:63,1
DA:64,1
DA:72,1
DA:73,1
DA:74,1
DA:82,1
DA:83,1
DA:84,1
LF:21
LH:21
BRF:0
BRH:0
end_of_record
TN:
SF:src\auth\auth.module.ts
FN:27,(anonymous_1)
FNF:1
FNH:0
FNDA:0,(anonymous_1)
DA:3,0
DA:4,0
DA:5,0
DA:6,0
DA:7,0
DA:8,0
DA:9,0
DA:10,0
DA:11,0
DA:12,0
DA:13,0
DA:14,0
DA:15,0
DA:16,0
DA:17,0
DA:27,0
DA:38,0
LF:17
LH:0
BRF:0
BRH:0
end_of_record
TN:
SF:src\auth\auth.service.ts
FN:29,(anonymous_4)
FN:41,(anonymous_5)
FN:55,(anonymous_6)
FN:66,(anonymous_7)
FN:78,(anonymous_8)
FN:118,(anonymous_9)
FN:123,(anonymous_10)
FN:141,(anonymous_11)
FN:160,(anonymous_12)
FNF:9
FNH:3
FNDA:4,(anonymous_4)
FNDA:0,(anonymous_5)
FNDA:2,(anonymous_6)
FNDA:1,(anonymous_7)
FNDA:0,(anonymous_8)
FNDA:0,(anonymous_9)
FNDA:0,(anonymous_10)
FNDA:0,(anonymous_11)
FNDA:0,(anonymous_12)
DA:6,3
DA:7,3
DA:8,3
DA:10,3
DA:12,3
DA:13,3
DA:14,3
DA:15,3
DA:16,3
DA:19,3
DA:20,3
DA:21,3
DA:24,3
DA:27,4
DA:30,4
DA:31,4
DA:33,4
DA:35,4
DA:37,4
DA:38,4
DA:41,4
DA:42,0
DA:56,2
DA:57,2
DA:59,1
DA:60,1
DA:62,1
DA:67,1
DA:70,1
DA:72,1
DA:79,0
DA:80,0
DA:82,0
DA:88,0
DA:91,0
DA:92,0
DA:98,0
DA:101,0
DA:102,0
DA:104,0
DA:110,0
DA:114,0
DA:115,0
DA:119,0
DA:120,0
DA:124,0
DA:125,0
DA:126,0
DA:128,0
DA:130,0
DA:135,0
DA:138,0
DA:142,0
DA:143,0
DA:144,0
DA:145,0
DA:147,0
DA:148,0
DA:149,0
DA:152,0
DA:153,0
DA:154,0
DA:156,0
DA:157,0
DA:161,0
DA:169,0
LF:66
LH:29
BRDA:57,0,0,1
BRDA:57,1,0,2
BRDA:57,1,1,2
BRDA:126,2,0,0
BRDA:144,3,0,0
BRDA:144,4,0,0
BRDA:144,4,1,0
BRDA:148,5,0,0
BRF:8
BRH:3
end_of_record
TN:
SF:src\auth\jwt-auth.guard.ts
FNF:0
FNH:0
DA:1,8
DA:2,8
DA:5,8
LF:3
LH:3
BRF:0
BRH:0
end_of_record
TN:
SF:src\auth\jwt.strategy.ts
FN:11,(anonymous_2)
FN:19,(anonymous_3)
FNF:2
FNH:0
FNDA:0,(anonymous_2)
FNDA:0,(anonymous_3)
DA:3,0
DA:4,0
DA:5,0
DA:6,0
DA:10,0
DA:11,0
DA:12,0
DA:21,0
LF:8
LH:0
BRDA:15,0,0,0
BRDA:15,0,1,0
BRF:2
BRH:0
end_of_record
TN:
SF:src\auth\local.strategy.ts
FN:8,(anonymous_2)
FN:12,(anonymous_3)
FNF:2
FNH:2
FNDA:3,(anonymous_2)
FNDA:2,(anonymous_3)
DA:1,1
DA:2,1
DA:3,1
DA:4,1
DA:7,1
DA:8,3
DA:9,3
DA:13,2
DA:14,2
DA:15,1
DA:17,1
LF:11
LH:11
BRDA:14,0,0,1
BRF:1
BRH:1
end_of_record
TN:
SF:src\auth\dto\create-user.dto.ts
FNF:0
FNH:0
DA:2,1
DA:11,1
DA:13,1
DA:24,1
DA:36,1
DA:44,1
DA:55,1
DA:63,1
DA:71,1
DA:79,1
DA:90,1
LF:11
LH:11
BRF:0
BRH:0
end_of_record
TN:
SF:src\auth\dto\forgot-password.dto.ts
FNF:0
FNH:0
DA:2,1
DA:3,1
DA:5,1
DA:13,1
DA:26,1
LF:5
LH:5
BRF:0
BRH:0
end_of_record
TN:
SF:src\auth\dto\reset-password.dto.ts
FNF:0
FNH:0
DA:1,0
LF:1
LH:0
BRF:0
BRH:0
end_of_record
TN:
SF:src\auth\dto\verification.email.dto.ts
FNF:0
FNH:0
DA:3,0
DA:5,0
DA:9,0
LF:3
LH:0
BRF:0
BRH:0
end_of_record
TN:
SF:src\card\card.controller.ts
FN:11,(anonymous_4)
FN:40,(anonymous_5)
FNF:2
FNH:2
FNDA:2,(anonymous_4)
FNDA:1,(anonymous_5)
DA:2,1
DA:3,1
DA:4,1
DA:6,1
DA:10,1
DA:11,2
DA:40,1
DA:46,1
LF:8
LH:8
BRF:0
BRH:0
end_of_record
TN:
SF:src\card\card.entity.ts
FN:54,(anonymous_2)
FN:56,(anonymous_3)
FN:56,(anonymous_4)
FNF:3
FNH:0
FNDA:0,(anonymous_2)
FNDA:0,(anonymous_3)
FNDA:0,(anonymous_4)
DA:2,20
DA:4,20
DA:5,20
DA:8,20
DA:15,20
DA:24,20
DA:33,20
DA:41,20
DA:49,20
DA:54,0
DA:56,0
DA:58,20
LF:12
LH:10
BRF:0
BRH:0
end_of_record
TN:
SF:src\card\card.module.ts
FN:11,(anonymous_1)
FNF:1
FNH:0
FNDA:0,(anonymous_1)
DA:1,0
DA:2,0
DA:3,0
DA:4,0
DA:5,0
DA:6,0
DA:11,0
DA:17,0
LF:8
LH:0
BRF:0
BRH:0
end_of_record
TN:
SF:src\card\card.service.ts
FN:8,(anonymous_4)
FN:13,(anonymous_5)
FNF:2
FNH:2
FNDA:4,(anonymous_4)
FNDA:3,(anonymous_5)
DA:1,2
DA:2,2
DA:3,2
DA:4,2
DA:7,2
DA:10,4
DA:14,3
DA:19,3
DA:20,1
DA:25,2
DA:26,1
DA:29,1
DA:30,1
LF:13
LH:13
BRDA:19,0,0,1
BRDA:25,1,0,1
BRF:2
BRH:2
end_of_record
TN:
SF:src\card\dto\createcard.dto.ts
FNF:0
FNH:0
DA:2,0
DA:3,0
DA:5,0
DA:14,0
DA:24,0
DA:35,0
LF:6
LH:0
BRF:0
BRH:0
end_of_record
TN:
SF:src\chatbot\chatbot.controller.ts
FN:15,(anonymous_4)
FN:37,(anonymous_5)
FNF:2
FNH:2
FNDA:2,(anonymous_4)
FNDA:1,(anonymous_5)
DA:4,1
DA:5,1
DA:6,1
DA:7,1
DA:8,1
DA:10,1
DA:14,1
DA:16,2
DA:17,2
DA:37,1
DA:38,1
DA:39,1
DA:40,1
DA:43,1
DA:44,1
DA:47,1
DA:75,1
DA:77,1
LF:18
LH:18
BRF:0
BRH:0
end_of_record
TN:
SF:src\chatbot\chatbot.module.ts
FNF:0
FNH:0
DA:3,0
DA:4,0
DA:5,0
DA:6,0
DA:7,0
DA:8,0
DA:9,0
DA:10,0
DA:18,0
LF:9
LH:0
BRF:0
BRH:0
end_of_record
TN:
SF:src\chatbot\chatbot.service.ts
FN:19,(anonymous_4)
FN:31,(anonymous_5)
FN:53,(anonymous_6)
FN:59,(anonymous_7)
FN:74,(anonymous_8)
FN:82,(anonymous_9)
FN:83,(anonymous_10)
FN:94,(anonymous_11)
FN:95,(anonymous_12)
FNF:9
FNH:4
FNDA:5,(anonymous_4)
FNDA:3,(anonymous_5)
FNDA:0,(anonymous_6)
FNDA:0,(anonymous_7)
FNDA:0,(anonymous_8)
FNDA:0,(anonymous_9)
FNDA:0,(anonymous_10)
FNDA:1,(anonymous_11)
FNDA:1,(anonymous_12)
DA:8,2
DA:9,2
DA:10,2
DA:11,2
DA:12,2
DA:13,2
DA:14,2
DA:17,2
DA:21,5
DA:23,5
DA:25,5
DA:27,5
DA:28,5
DA:29,5
DA:32,3
DA:33,3
DA:45,2
DA:46,2
DA:48,1
DA:49,1
DA:54,0
DA:57,0
DA:59,0
DA:60,0
DA:67,0
DA:70,0
DA:75,0
DA:83,0
DA:84,0
DA:85,0
DA:87,0
DA:95,1
DA:96,1
DA:97,1
DA:99,1
LF:35
LH:24
BRDA:46,0,0,2
BRDA:46,0,1,1
BRDA:48,1,0,1
BRDA:48,1,1,1
BRDA:57,2,0,0
BRDA:97,3,0,1
BRDA:97,3,1,0
BRF:7
BRH:5
end_of_record
TN:
SF:src\chatbot\dto\send-message.dto.ts
FNF:0
FNH:0
DA:3,1
DA:4,1
DA:6,1
DA:13,1
LF:4
LH:4
BRF:0
BRH:0
end_of_record
TN:
SF:src\cuentas\cuentas.controller.ts
FN:11,(anonymous_4)
FN:36,(anonymous_5)
FN:74,(anonymous_6)
FNF:3
FNH:3
FNDA:3,(anonymous_4)
FNDA:1,(anonymous_5)
FNDA:1,(anonymous_6)
DA:2,1
DA:3,1
DA:4,1
DA:6,1
DA:10,1
DA:11,3
DA:36,1
DA:37,1
DA:74,1
DA:75,1
LF:10
LH:10
BRF:0
BRH:0
end_of_record
TN:
SF:src\cuentas\cuentas.module.ts
FNF:0
FNH:0
DA:1,0
DA:2,0
DA:3,0
DA:4,0
DA:5,0
DA:6,0
DA:7,0
DA:8,0
DA:16,0
LF:9
LH:0
BRF:0
BRH:0
end_of_record
TN:
SF:src\cuentas\cuentas.service.ts
FN:11,(anonymous_4)
FN:20,(anonymous_5)
FN:54,(anonymous_6)
FNF:3
FNH:3
FNDA:5,(anonymous_4)
FNDA:3,(anonymous_5)
FNDA:1,(anonymous_6)
DA:2,2
DA:3,2
DA:4,2
DA:5,2
DA:6,2
DA:7,2
DA:10,2
DA:13,5
DA:15,5
DA:17,5
DA:21,3
DA:22,3
DA:23,1
DA:26,2
DA:27,2
DA:28,1
DA:31,1
DA:32,1
DA:38,1
DA:41,1
DA:42,1
DA:43,1
DA:49,1
DA:51,1
DA:55,1
LF:25
LH:25
BRDA:22,0,0,1
BRDA:27,1,0,1
BRF:2
BRH:2
end_of_record
TN:
SF:src\cuentas\entities\cuenta.entity.ts
FN:28,(anonymous_2)
FN:30,(anonymous_3)
FN:30,(anonymous_4)
FN:67,(anonymous_5)
FN:72,(anonymous_6)
FN:74,(anonymous_7)
FN:74,(anonymous_8)
FN:79,(anonymous_9)
FN:81,(anonymous_10)
FN:81,(anonymous_11)
FNF:10
FNH:0
FNDA:0,(anonymous_2)
FNDA:0,(anonymous_3)
FNDA:0,(anonymous_4)
FNDA:0,(anonymous_5)
FNDA:0,(anonymous_6)
FNDA:0,(anonymous_7)
FNDA:0,(anonymous_8)
FNDA:0,(anonymous_9)
FNDA:0,(anonymous_10)
FNDA:0,(anonymous_11)
DA:2,20
DA:11,20
DA:12,20
DA:13,20
DA:14,20
DA:17,20
DA:24,20
DA:28,0
DA:30,0
DA:32,20
DA:40,20
DA:50,20
DA:59,20
DA:67,0
DA:68,20
DA:72,0
DA:74,0
DA:75,20
DA:79,0
DA:81,0
DA:82,20
LF:21
LH:14
BRF:0
BRH:0
end_of_record
TN:
SF:src\destinatarios\destinatarios.controller.ts
FN:15,(anonymous_4)
FN:47,(anonymous_5)
FN:79,(anonymous_6)
FN:106,(anonymous_7)
FN:124,(anonymous_8)
FN:149,(anonymous_9)
FNF:6
FNH:6
FNDA:6,(anonymous_4)
FNDA:1,(anonymous_5)
FNDA:1,(anonymous_6)
FNDA:1,(anonymous_7)
FNDA:1,(anonymous_8)
FNDA:1,(anonymous_9)
DA:2,1
DA:3,1
DA:4,1
DA:5,1
DA:6,1
DA:7,1
DA:9,1
DA:14,1
DA:16,6
DA:17,6
DA:47,1
DA:48,1
DA:49,1
DA:50,1
DA:79,1
DA:80,1
DA:81,1
DA:106,1
DA:111,1
DA:112,1
DA:124,1
DA:125,1
DA:126,1
DA:149,1
DA:150,1
DA:151,1
LF:26
LH:26
BRF:0
BRH:0
end_of_record
TN:
SF:src\destinatarios\destinatarios.module.ts
FNF:0
FNH:0
DA:1,0
DA:2,0
DA:3,0
DA:4,0
DA:5,0
DA:6,0
DA:16,0
LF:7
LH:0
BRF:0
BRH:0
end_of_record
TN:
SF:src\destinatarios\destinatarios.service.ts
FN:11,(anonymous_4)
FN:16,(anonymous_5)
FN:24,(anonymous_6)
FN:34,(anonymous_7)
FN:44,(anonymous_8)
FN:51,(anonymous_9)
FNF:6
FNH:6
FNDA:9,(anonymous_4)
FNDA:1,(anonymous_5)
FNDA:1,(anonymous_6)
FNDA:2,(anonymous_7)
FNDA:2,(anonymous_8)
FNDA:2,(anonymous_9)
DA:1,2
DA:2,2
DA:3,2
DA:4,2
DA:10,2
DA:13,9
DA:17,1
DA:21,1
DA:25,1
DA:35,2
DA:36,2
DA:37,1
DA:40,1
DA:41,1
DA:45,2
DA:46,2
DA:47,1
DA:52,2
DA:54,2
DA:55,1
DA:58,1
DA:59,1
LF:22
LH:22
BRDA:36,0,0,1
BRDA:46,1,0,1
BRDA:54,2,0,1
BRF:3
BRH:3
end_of_record
TN:
SF:src\destinatarios\dto\create-destinatario.dto.ts
FNF:0
FNH:0
DA:2,1
DA:3,1
DA:5,1
DA:12,1
DA:22,1
DA:31,1
DA:41,1
DA:49,1
DA:57,1
DA:65,1
LF:10
LH:10
BRF:0
BRH:0
end_of_record
TN:
SF:src\destinatarios\dto\update-destinatario.dto.ts
FNF:0
FNH:0
DA:2,1
DA:3,1
DA:5,1
DA:13,1
DA:24,1
DA:33,1
DA:43,1
DA:52,1
DA:61,1
DA:70,1
LF:10
LH:10
BRF:0
BRH:0
end_of_record
TN:
SF:src\destinatarios\entities\destinatario.entity.ts
FN:18,(anonymous_2)
FN:20,(anonymous_3)
FNF:2
FNH:0
FNDA:0,(anonymous_2)
FNDA:0,(anonymous_3)
DA:2,20
DA:3,20
DA:4,20
DA:7,20
DA:14,20
DA:18,0
DA:20,0
DA:22,20
DA:29,20
DA:37,20
DA:46,20
DA:56,20
DA:63,20
DA:70,20
DA:77,20
DA:85,20
LF:16
LH:14
BRF:0
BRH:0
end_of_record
TN:
SF:src\email\email.module.ts
FNF:0
FNH:0
DA:2,0
DA:3,0
DA:9,0
LF:3
LH:0
BRF:0
BRH:0
end_of_record
TN:
SF:src\email\email.service.ts
FN:19,(anonymous_1)
FN:55,(anonymous_2)
FN:82,(anonymous_3)
FN:127,(anonymous_4)
FNF:4
FNH:4
FNDA:1,(anonymous_1)
FNDA:1,(anonymous_2)
FNDA:2,(anonymous_3)
FNDA:1,(anonymous_4)
DA:5,6
DA:6,6
DA:10,6
DA:11,6
DA:20,1
DA:21,1
DA:23,1
DA:56,1
DA:58,1
DA:79,1
DA:83,2
DA:84,2
DA:86,2
DA:87,2
DA:119,1
DA:120,1
DA:122,1
DA:123,1
DA:130,1
DA:131,1
DA:133,1
DA:134,1
DA:167,1
DA:168,1
DA:170,0
DA:171,0
LF:26
LH:24
BRF:0
BRH:0
end_of_record
TN:
SF:src\movimiento\movimiento\movimiento.controller.ts
FN:24,(anonymous_4)
FN:57,(anonymous_5)
FN:98,(anonymous_6)
FNF:3
FNH:3
FNDA:3,(anonymous_4)
FNDA:1,(anonymous_5)
FNDA:1,(anonymous_6)
DA:2,1
DA:15,1
DA:16,1
DA:17,1
DA:19,1
DA:23,1
DA:24,3
DA:57,1
DA:61,1
DA:65,1
DA:98,1
DA:99,1
DA:100,1
LF:13
LH:13
BRF:0
BRH:0
end_of_record
TN:
SF:src\movimiento\movimiento\movimiento.entity.ts
FN:39,(anonymous_2)
FN:44,(anonymous_3)
FN:46,(anonymous_4)
FN:46,(anonymous_5)
FNF:4
FNH:0
FNDA:0,(anonymous_2)
FNDA:0,(anonymous_3)
FNDA:0,(anonymous_4)
FNDA:0,(anonymous_5)
DA:2,20
DA:3,20
DA:4,20
DA:7,20
DA:14,20
DA:23,20
DA:31,20
DA:39,0
DA:40,20
DA:44,0
DA:46,0
DA:48,20
LF:12
LH:9
BRF:0
BRH:0
end_of_record
TN:
SF:src\movimiento\movimiento\movimiento.module.ts
FNF:0
FNH:0
DA:2,0
DA:3,0
DA:4,0
DA:5,0
DA:6,0
DA:7,0
DA:8,0
DA:19,0
LF:8
LH:0
BRF:0
BRH:0
end_of_record
TN:
SF:src\movimiento\movimiento\movimiento.service.ts
FN:12,(anonymous_4)
FN:19,(anonymous_5)
FN:48,(anonymous_6)
FNF:3
FNH:2
FNDA:5,(anonymous_4)
FNDA:4,(anonymous_5)
FNDA:0,(anonymous_6)
DA:2,2
DA:3,2
DA:4,2
DA:5,2
DA:7,2
DA:11,2
DA:14,5
DA:16,5
DA:20,4
DA:22,4
DA:23,4
DA:24,1
DA:27,3
DA:29,3
DA:30,3
DA:32,3
DA:33,1
DA:34,2
DA:35,1
DA:36,1
DA:38,0
DA:40,1
DA:43,1
DA:45,1
DA:49,0
LF:25
LH:23
BRDA:23,0,0,1
BRDA:32,1,0,1
BRDA:32,1,1,2
BRDA:34,2,0,1
BRDA:34,2,1,1
BRDA:35,3,0,1
BRF:6
BRH:6
end_of_record
TN:
SF:src\movimiento\movimiento\dto\create-movimiento.dto.ts
FN:16,(anonymous_2)
FNF:1
FNH:0
FNDA:0,(anonymous_2)
DA:2,1
DA:3,1
DA:4,1
DA:6,1
DA:16,0
DA:17,1
DA:27,1
LF:7
LH:6
BRF:0
BRH:0
end_of_record
TN:
SF:src\movimientos\movimientos.controller.ts
FN:14,(anonymous_4)
FN:25,(anonymous_5)
FN:39,(anonymous_6)
FNF:3
FNH:3
FNDA:3,(anonymous_4)
FNDA:1,(anonymous_5)
FNDA:1,(anonymous_6)
DA:3,1
DA:4,1
DA:5,1
DA:7,1
DA:8,1
DA:13,1
DA:14,3
DA:25,1
DA:26,1
DA:27,1
DA:39,1
DA:40,1
DA:41,1
DA:42,1
LF:14
LH:14
BRF:0
BRH:0
end_of_record
TN:
SF:src\movimientos\movimientos.module.ts
FNF:0
FNH:0
DA:2,0
DA:3,0
DA:4,0
DA:5,0
DA:6,0
DA:7,0
DA:8,0
DA:9,0
DA:10,0
DA:21,0
LF:10
LH:0
BRF:0
BRH:0
end_of_record
TN:
SF:src\movimientos\movimientos.service.ts
FN:19,(anonymous_4)
FN:30,(anonymous_5)
FN:38,(anonymous_6)
FN:45,(anonymous_7)
FN:101,(anonymous_8)
FNF:5
FNH:4
FNDA:1,(anonymous_4)
FNDA:2,(anonymous_5)
FNDA:0,(anonymous_6)
FNDA:1,(anonymous_7)
FNDA:2,(anonymous_8)
DA:5,3
DA:6,3
DA:7,3
DA:8,3
DA:9,3
DA:11,3
DA:12,3
DA:16,3
DA:21,1
DA:23,1
DA:25,1
DA:27,1
DA:31,2
DA:33,2
DA:39,0
DA:40,0
DA:46,1
DA:51,1
DA:59,1
DA:61,1
DA:62,1
DA:70,1
DA:72,2
DA:73,2
DA:76,2
DA:77,0
DA:78,0
DA:88,2
DA:89,2
DA:101,2
DA:102,1
LF:31
LH:27
BRDA:33,0,0,2
BRDA:33,0,1,0
BRDA:40,1,0,0
BRDA:40,1,1,0
BRDA:65,2,0,1
BRDA:65,2,1,0
BRDA:73,3,0,1
BRDA:73,3,1,1
BRDA:76,4,0,0
BRDA:76,4,1,2
BRDA:83,5,0,0
BRDA:83,5,1,0
BRDA:91,6,0,1
BRDA:91,6,1,1
BRDA:95,7,0,1
BRDA:95,7,1,1
BRF:16
BRH:9
end_of_record
TN:
SF:src\movimientos\dto\movimiento-historial.dto.ts
FNF:0
FNH:0
DA:3,1
DA:5,1
DA:12,1
DA:18,1
DA:24,1
DA:32,1
LF:6
LH:6
BRF:0
BRH:0
end_of_record
TN:
SF:src\pagos\pagos.controller.ts
FN:14,(anonymous_4)
FN:34,(anonymous_5)
FN:60,(anonymous_6)
FNF:3
FNH:3
FNDA:3,(anonymous_4)
FNDA:1,(anonymous_5)
FNDA:1,(anonymous_6)
DA:3,1
DA:4,1
DA:5,1
DA:6,1
DA:9,1
DA:13,1
DA:14,3
DA:34,1
DA:35,1
DA:60,1
DA:63,1
DA:64,1
LF:12
LH:12
BRF:0
BRH:0
end_of_record
TN:
SF:src\pagos\pagos.module.ts
FNF:0
FNH:0
DA:2,0
DA:3,0
DA:4,0
DA:5,0
DA:6,0
DA:7,0
DA:8,0
DA:14,0
LF:8
LH:0
BRF:0
BRH:0
end_of_record
TN:
SF:src\pagos\pagos.service.ts
FN:17,(anonymous_4)
FN:26,(anonymous_5)
FN:75,(anonymous_6)
FNF:3
FNH:2
FNDA:1,(anonymous_4)
FNDA:1,(anonymous_5)
FNDA:0,(anonymous_6)
DA:5,2
DA:7,2
DA:8,2
DA:9,2
DA:10,2
DA:11,2
DA:13,2
DA:16,2
DA:19,1
DA:21,1
DA:23,1
DA:27,1
DA:29,1
DA:34,1
DA:35,0
DA:38,1
DA:39,0
DA:44,1
DA:45,1
DA:48,1
DA:50,0
DA:51,0
DA:55,1
DA:62,1
DA:65,1
DA:66,1
DA:68,1
DA:77,0
DA:89,0
DA:92,0
DA:97,0
DA:98,0
DA:100,0
DA:101,0
DA:105,0
DA:106,0
DA:111,0
DA:112,0
DA:115,0
DA:116,0
DA:117,0
DA:120,0
DA:121,0
DA:125,0
DA:127,0
DA:128,0
DA:132,0
DA:133,0
DA:138,0
DA:139,0
DA:142,0
DA:144,0
DA:145,0
DA:149,0
DA:156,0
DA:159,0
DA:160,0
DA:162,0
LF:58
LH:23
BRDA:34,0,0,0
BRDA:38,1,0,0
BRDA:97,2,0,0
BRDA:100,3,0,0
BRDA:105,4,0,0
BRDA:111,5,0,0
BRDA:120,6,0,0
BRDA:120,7,0,0
BRDA:120,7,1,0
BRDA:120,7,2,0
BRDA:127,8,0,0
BRDA:132,9,0,0
BRF:12
BRH:0
end_of_record
TN:
SF:src\pagos\dto\create-credit-card-payment.dto.ts
FNF:0
FNH:0
DA:2,1
DA:3,1
DA:5,1
DA:13,1
DA:24,1
DA:32,1
DA:45,1
DA:56,1
DA:68,1
LF:9
LH:9
BRF:0
BRH:0
end_of_record
TN:
SF:src\pagos\dto\create-debit-card-payment.dto.ts
FNF:0
FNH:0
DA:2,0
DA:3,0
DA:5,0
DA:12,0
DA:23,0
DA:31,0
DA:44,0
DA:55,0
DA:67,0
LF:9
LH:0
BRF:0
BRH:0
end_of_record
TN:
SF:src\pagos\dto\create-pago.dto.ts
FNF:0
FNH:0
DA:2,1
DA:7,1
DA:9,1
DA:16,1
DA:25,1
DA:33,1
LF:6
LH:6
BRF:0
BRH:0
end_of_record
TN:
SF:src\pagos\dto\update-pago.dto.ts
FNF:0
FNH:0
DA:1,0
DA:2,0
DA:4,0
LF:3
LH:0
BRF:0
BRH:0
end_of_record
TN:
SF:src\pagos\entities\pago.entity.ts
FN:25,(anonymous_2)
FN:27,(anonymous_3)
FN:69,(anonymous_4)
FNF:3
FNH:0
FNDA:0,(anonymous_2)
FNDA:0,(anonymous_3)
FNDA:0,(anonymous_4)
DA:2,6
DA:10,6
DA:11,6
DA:14,6
DA:21,6
DA:25,0
DA:27,0
DA:29,6
DA:37,6
DA:46,6
DA:53,6
DA:61,6
DA:69,0
DA:70,6
LF:14
LH:11
BRF:0
BRH:0
end_of_record
TN:
SF:src\transfers\transfers.controller.ts
FN:13,(anonymous_4)
FN:37,(anonymous_5)
FN:67,(anonymous_6)
FN:96,(anonymous_7)
FN:123,(anonymous_8)
FN:148,(anonymous_9)
FNF:6
FNH:6
FNDA:7,(anonymous_4)
FNDA:1,(anonymous_5)
FNDA:1,(anonymous_6)
FNDA:1,(anonymous_7)
FNDA:1,(anonymous_8)
FNDA:2,(anonymous_9)
DA:2,1
DA:3,1
DA:4,1
DA:5,1
DA:6,1
DA:8,1
DA:12,1
DA:13,7
DA:37,1
DA:41,1
DA:42,1
DA:67,1
DA:68,1
DA:69,1
DA:96,1
DA:97,1
DA:98,1
DA:123,1
DA:124,1
DA:125,1
DA:148,1
DA:149,2
DA:150,2
DA:151,1
DA:153,1
DA:154,1
LF:26
LH:26
BRDA:150,0,0,1
BRDA:150,1,0,2
BRDA:150,1,1,1
BRF:3
BRH:3
end_of_record
TN:
SF:src\transfers\transfers.module.ts
FNF:0
FNH:0
DA:2,0
DA:3,0
DA:4,0
DA:5,0
DA:6,0
DA:7,0
DA:8,0
DA:9,0
DA:10,0
DA:11,0
DA:12,0
DA:22,0
LF:12
LH:0
BRF:0
BRH:0
end_of_record
TN:
SF:src\transfers\transfers.service.ts
FN:18,(anonymous_4)
FN:33,(anonymous_5)
FN:120,(anonymous_6)
FN:271,(anonymous_7)
FN:287,(anonymous_8)
FN:329,(anonymous_9)
FN:341,(anonymous_10)
FN:351,(anonymous_11)
FNF:8
FNH:3
FNDA:4,(anonymous_4)
FNDA:3,(anonymous_5)
FNDA:1,(anonymous_6)
FNDA:0,(anonymous_7)
FNDA:0,(anonymous_8)
FNDA:0,(anonymous_9)
FNDA:0,(anonymous_10)
FNDA:0,(anonymous_11)
DA:2,2
DA:3,2
DA:4,2
DA:5,2
DA:6,2
DA:7,2
DA:10,2
DA:11,2
DA:12,2
DA:13,2
DA:14,2
DA:17,2
DA:20,4
DA:22,4
DA:24,4
DA:26,4
DA:28,4
DA:29,4
DA:30,4
DA:34,3
DA:36,3
DA:37,0
DA:41,3
DA:42,3
DA:43,0
DA:45,3
DA:46,3
DA:47,1
DA:50,2
DA:51,2
DA:52,2
DA:54,2
DA:56,2
DA:57,2
DA:60,2
DA:61,0
DA:65,2
DA:66,0
DA:70,2
DA:71,1
DA:75,1
DA:76,1
DA:78,1
DA:79,1
DA:82,1
DA:91,1
DA:93,1
DA:98,1
DA:103,1
DA:106,1
DA:107,1
DA:110,1
DA:111,1
DA:112,1
DA:114,0
DA:116,2
DA:121,1
DA:124,1
DA:125,1
DA:126,0
DA:129,1
DA:130,1
DA:131,0
DA:135,1
DA:136,1
DA:137,1
DA:139,1
DA:141,1
DA:145,1
DA:146,0
DA:149,1
DA:151,0
DA:153,0
DA:154,0
DA:158,0
DA:162,0
DA:163,0
DA:166,0
DA:167,0
DA:170,0
DA:171,0
DA:173,0
DA:175,0
DA:176,0
DA:178,0
DA:186,0
DA:188,0
DA:193,0
DA:198,0
DA:200,0
DA:210,1
DA:211,1
DA:213,1
DA:214,0
DA:217,1
DA:219,1
DA:220,1
DA:230,0
DA:231,0
DA:232,0
DA:233,0
DA:237,1
DA:238,1
DA:240,1
DA:241,1
DA:243,1
DA:249,1
DA:251,1
DA:256,1
DA:258,1
DA:259,1
DA:261,0
DA:262,0
DA:263,0
DA:265,0
DA:267,1
DA:272,0
DA:278,0
DA:279,0
DA:281,0
DA:282,0
DA:284,0
DA:285,0
DA:287,0
DA:289,0
DA:290,0
DA:291,0
DA:294,0
DA:300,0
DA:301,0
DA:302,0
DA:309,0
DA:310,0
DA:316,0
DA:331,0
DA:336,0
DA:337,0
DA:341,0
DA:344,0
DA:348,0
DA:353,0
DA:355,0
DA:357,0
DA:361,0
LF:144
LH:80
BRDA:36,0,0,0
BRDA:42,1,0,0
BRDA:42,2,0,3
BRDA:42,2,1,3
BRDA:46,3,0,1
BRDA:60,4,0,0
BRDA:60,5,0,2
BRDA:60,5,1,2
BRDA:65,6,0,0
BRDA:65,7,0,2
BRDA:65,7,1,2
BRDA:70,8,0,1
BRDA:111,9,0,1
BRDA:111,10,0,1
BRDA:111,10,1,0
BRDA:111,10,2,0
BRDA:111,10,3,0
BRDA:125,11,0,0
BRDA:125,12,0,1
BRDA:125,12,1,1
BRDA:130,13,0,0
BRDA:145,14,0,0
BRDA:149,15,0,0
BRDA:149,15,1,1
BRDA:153,16,0,0
BRDA:162,17,0,0
BRDA:166,18,0,0
BRDA:213,19,0,0
BRDA:219,20,0,1
BRDA:219,20,1,0
BRDA:262,21,0,0
BRDA:262,22,0,0
BRDA:262,22,1,0
BRDA:278,23,0,0
BRDA:281,24,0,0
BRDA:290,25,0,0
BRDA:290,25,1,0
BRDA:291,26,0,0
BRDA:294,27,0,0
BRDA:294,27,1,0
BRDA:301,28,0,0
BRDA:301,28,1,0
BRDA:309,29,0,0
BRDA:324,30,0,0
BRDA:324,30,1,0
BRDA:336,31,0,0
BRDA:355,32,0,0
BRDA:362,33,0,0
BRDA:362,33,1,0
BRF:49
BRH:14
end_of_record
TN:
SF:src\transfers\dto\create-historial-saldo.dto.ts
FNF:0
FNH:0
DA:3,0
LF:1
LH:0
BRF:0
BRH:0
end_of_record
TN:
SF:src\transfers\dto\create-internal-transfer.dto.ts
FNF:0
FNH:0
DA:1,1
DA:3,1
DA:6,1
DA:10,1
DA:14,1
DA:18,1
LF:6
LH:6
BRF:0
BRH:0
end_of_record
TN:
SF:src\transfers\dto\create-transfer.dto.ts
FNF:0
FNH:0
DA:1,1
DA:3,1
DA:6,1
DA:10,1
DA:14,1
DA:18,1
DA:22,1
DA:26,1
DA:30,1
DA:34,1
LF:10
LH:10
BRF:0
BRH:0
end_of_record
TN:
SF:src\transfers\entities\historial-saldos.ts
FN:38,(anonymous_2)
FNF:1
FNH:0
FNDA:0,(anonymous_2)
DA:2,2
DA:3,2
DA:6,2
DA:13,2
DA:21,2
DA:30,2
DA:38,0
DA:39,2
LF:8
LH:7
BRF:0
BRH:0
end_of_record
TN:
SF:src\transfers\entities\transferencia.entity.ts
FN:26,(anonymous_2)
FN:28,(anonymous_3)
FN:43,(anonymous_4)
FN:47,(anonymous_5)
FN:64,(anonymous_6)
FN:68,(anonymous_7)
FN:125,(anonymous_8)
FNF:7
FNH:0
FNDA:0,(anonymous_2)
FNDA:0,(anonymous_3)
FNDA:0,(anonymous_4)
FNDA:0,(anonymous_5)
FNDA:0,(anonymous_6)
FNDA:0,(anonymous_7)
FNDA:0,(anonymous_8)
DA:2,5
DA:10,5
DA:11,5
DA:12,5
DA:15,5
DA:22,5
DA:26,0
DA:28,0
DA:30,5
DA:38,5
DA:43,0
DA:47,0
DA:49,5
DA:59,5
DA:64,0
DA:68,0
DA:70,5
DA:80,5
DA:90,5
DA:100,5
DA:108,5
DA:117,5
DA:125,0
DA:126,5
LF:24
LH:17
BRF:0
BRH:0
end_of_record
TN:
SF:src\transfers\entities\usuario-externo.entity.ts
FNF:0
FNH:0
DA:2,5
DA:3,5
DA:6,5
DA:13,5
DA:21,5
DA:30,5
DA:38,5
DA:46,5
DA:54,5
DA:65,5
LF:10
LH:10
BRF:0
BRH:0
end_of_record
TN:
SF:src\users\user.entity.ts
FN:108,(anonymous_2)
FN:110,(anonymous_3)
FN:110,(anonymous_4)
FN:115,(anonymous_5)
FN:117,(anonymous_6)
FNF:5
FNH:0
FNDA:0,(anonymous_2)
FNDA:0,(anonymous_3)
FNDA:0,(anonymous_4)
FNDA:0,(anonymous_5)
FNDA:0,(anonymous_6)
DA:2,20
DA:3,20
DA:4,20
DA:5,20
DA:8,20
DA:15,20
DA:22,20
DA:29,20
DA:38,20
DA:46,20
DA:55,20
DA:62,20
DA:69,20
DA:78,20
DA:87,20
DA:96,20
DA:104,20
DA:108,0
DA:110,0
DA:111,20
DA:115,0
DA:117,0
DA:118,20
DA:128,20
DA:138,20
DA:146,20
DA:154,20
LF:27
LH:23
BRF:0
BRH:0
end_of_record
TN:
SF:src\users\users.controller.ts
FN:18,(anonymous_4)
FN:41,(anonymous_5)
FN:61,(anonymous_6)
FN:85,(anonymous_7)
FN:107,(anonymous_8)
FN:127,(anonymous_9)
FN:169,(anonymous_10)
FNF:7
FNH:1
FNDA:1,(anonymous_4)
FNDA:0,(anonymous_5)
FNDA:0,(anonymous_6)
FNDA:0,(anonymous_7)
FNDA:0,(anonymous_8)
FNDA:0,(anonymous_9)
FNDA:0,(anonymous_10)
DA:5,1
DA:6,1
DA:7,1
DA:8,1
DA:9,1
DA:10,1
DA:11,1
DA:13,1
DA:17,1
DA:18,1
DA:41,1
DA:43,0
DA:61,1
DA:65,0
DA:66,0
DA:85,1
DA:89,0
DA:90,0
DA:107,1
DA:108,0
DA:109,0
DA:127,1
DA:128,0
DA:129,0
DA:130,0
DA:131,0
DA:132,0
DA:133,0
DA:135,0
DA:141,0
DA:142,0
DA:169,1
DA:170,0
DA:171,0
DA:172,0
DA:178,0
DA:179,0
LF:37
LH:16
BRDA:129,0,0,0
BRDA:130,1,0,0
BRDA:171,2,0,0
BRDA:171,3,0,0
BRDA:171,3,1,0
BRDA:178,4,0,0
BRF:6
BRH:0
end_of_record
TN:
SF:src\users\users.module.ts
FNF:0
FNH:0
DA:2,0
DA:3,0
DA:4,0
DA:5,0
DA:6,0
DA:14,0
LF:6
LH:0
BRF:0
BRH:0
end_of_record
TN:
SF:src\users\users.service.ts
FN:14,(anonymous_4)
FN:19,(anonymous_5)
FN:30,(anonymous_6)
FN:34,(anonymous_7)
FN:39,(anonymous_8)
FN:50,(anonymous_9)
FN:70,(anonymous_10)
FN:108,(anonymous_11)
FNF:8
FNH:0
FNDA:0,(anonymous_4)
FNDA:0,(anonymous_5)
FNDA:0,(anonymous_6)
FNDA:0,(anonymous_7)
FNDA:0,(anonymous_8)
FNDA:0,(anonymous_9)
FNDA:0,(anonymous_10)
FNDA:0,(anonymous_11)
DA:3,5
DA:4,5
DA:5,5
DA:6,5
DA:9,5
DA:13,5
DA:16,0
DA:20,0
DA:24,0
DA:25,0
DA:27,0
DA:31,0
DA:35,0
DA:36,0
DA:40,0
DA:44,0
DA:45,0
DA:47,0
DA:51,0
DA:52,0
DA:54,0
DA:55,0
DA:58,0
DA:59,0
DA:62,0
DA:63,0
DA:64,0
DA:67,0
DA:71,0
DA:73,0
DA:74,0
DA:77,0
DA:78,0
DA:79,0
DA:82,0
DA:83,0
DA:84,0
DA:88,0
DA:90,0
DA:91,0
DA:95,0
DA:96,0
DA:100,0
DA:101,0
DA:103,0
DA:105,0
DA:109,0
LF:47
LH:6
BRDA:24,0,0,0
BRDA:44,1,0,0
BRDA:54,2,0,0
BRDA:58,3,0,0
BRDA:63,4,0,0
BRDA:73,5,0,0
BRDA:78,6,0,0
BRDA:83,7,0,0
BRDA:88,8,0,0
BRDA:88,8,1,0
BRDA:90,9,0,0
BRDA:95,10,0,0
BRDA:105,11,0,0
BRDA:105,11,1,0
BRF:14
BRH:0
end_of_record
TN:
SF:src\users\dto\set-bepass.dto.ts
FNF:0
FNH:0
DA:2,1
DA:3,1
DA:5,1
DA:16,1
DA:26,1
DA:34,1
DA:43,1
LF:7
LH:7
BRF:0
BRH:0
end_of_record
TN:
SF:src\users\dto\verify-bepass.dto.ts
FNF:0
FNH:0
DA:1,1
DA:2,1
DA:4,1
DA:15,1
LF:4
LH:4
BRF:0
BRH:0
end_of_record
